{"/Users/natereiners/coinbase-wallet-sdk/packages/wallet-sdk/src/CoinbaseWalletProvider.ts": {"path":"/Users/natereiners/coinbase-wallet-sdk/packages/wallet-sdk/src/CoinbaseWalletProvider.ts","statementMap":{"0":{"start":{"line":28,"column":40},"end":{"line":28,"column":42}},"1":{"start":{"line":32,"column":4},"end":{"line":32,"column":12}},"2":{"start":{"line":33,"column":4},"end":{"line":33,"column":29}},"3":{"start":{"line":34,"column":4},"end":{"line":34,"column":33}},"4":{"start":{"line":35,"column":4},"end":{"line":35,"column":50}},"5":{"start":{"line":36,"column":4},"end":{"line":38,"column":6}},"6":{"start":{"line":40,"column":23},"end":{"line":40,"column":39}},"7":{"start":{"line":41,"column":4},"end":{"line":41,"column":66}},"8":{"start":{"line":45,"column":4},"end":{"line":45,"column":36}},"9":{"start":{"line":49,"column":4},"end":{"line":57,"column":5}},"10":{"start":{"line":50,"column":6},"end":{"line":50,"column":44}},"11":{"start":{"line":52,"column":23},"end":{"line":52,"column":70}},"12":{"start":{"line":53,"column":6},"end":{"line":53,"column":48}},"13":{"start":{"line":55,"column":6},"end":{"line":55,"column":42}},"14":{"start":{"line":56,"column":6},"end":{"line":56,"column":64}},"15":{"start":{"line":60,"column":32},"end":{"line":118,"column":3}},"16":{"start":{"line":63,"column":6},"end":{"line":66,"column":7}},"17":{"start":{"line":64,"column":8},"end":{"line":64,"column":92}},"18":{"start":{"line":65,"column":8},"end":{"line":65,"column":29}},"19":{"start":{"line":68,"column":25},"end":{"line":68,"column":60}},"20":{"start":{"line":69,"column":21},"end":{"line":69,"column":48}},"21":{"start":{"line":70,"column":23},"end":{"line":70,"column":47}},"22":{"start":{"line":72,"column":6},"end":{"line":72,"column":27}},"23":{"start":{"line":73,"column":6},"end":{"line":73,"column":34}},"24":{"start":{"line":75,"column":6},"end":{"line":75,"column":90}},"25":{"start":{"line":76,"column":6},"end":{"line":76,"column":22}},"26":{"start":{"line":80,"column":6},"end":{"line":84,"column":7}},"27":{"start":{"line":81,"column":8},"end":{"line":83,"column":10}},"28":{"start":{"line":85,"column":6},"end":{"line":85,"column":48}},"29":{"start":{"line":88,"column":42},"end":{"line":88,"column":78}},"30":{"start":{"line":91,"column":35},"end":{"line":96,"column":7}},"31":{"start":{"line":92,"column":8},"end":{"line":92,"column":49}},"32":{"start":{"line":92,"column":28},"end":{"line":92,"column":49}},"33":{"start":{"line":93,"column":8},"end":{"line":95,"column":10}},"34":{"start":{"line":97,"column":6},"end":{"line":108,"column":7}},"35":{"start":{"line":99,"column":10},"end":{"line":99,"column":66}},"36":{"start":{"line":101,"column":10},"end":{"line":101,"column":31}},"37":{"start":{"line":103,"column":10},"end":{"line":103,"column":40}},"38":{"start":{"line":105,"column":10},"end":{"line":105,"column":43}},"39":{"start":{"line":107,"column":10},"end":{"line":107,"column":52}},"40":{"start":{"line":112,"column":6},"end":{"line":112,"column":85}},"41":{"start":{"line":116,"column":6},"end":{"line":116,"column":88}},"42":{"start":{"line":121,"column":14},"end":{"line":121,"column":40}},"43":{"start":{"line":122,"column":4},"end":{"line":122,"column":79}},"44":{"start":{"line":122,"column":61},"end":{"line":122,"column":79}},"45":{"start":{"line":127,"column":4},"end":{"line":129,"column":6}},"46":{"start":{"line":130,"column":4},"end":{"line":132,"column":7}},"47":{"start":{"line":136,"column":4},"end":{"line":136,"column":23}},"48":{"start":{"line":137,"column":4},"end":{"line":137,"column":27}},"49":{"start":{"line":138,"column":4},"end":{"line":138,"column":30}},"50":{"start":{"line":139,"column":4},"end":{"line":139,"column":34}},"51":{"start":{"line":140,"column":4},"end":{"line":140,"column":98}},"52":{"start":{"line":143,"column":30},"end":{"line":143,"column":34}},"53":{"start":{"line":145,"column":38},"end":{"line":156,"column":3}},"54":{"start":{"line":147,"column":6},"end":{"line":147,"column":65}},"55":{"start":{"line":147,"column":58},"end":{"line":147,"column":65}},"56":{"start":{"line":148,"column":6},"end":{"line":148,"column":31}},"57":{"start":{"line":149,"column":6},"end":{"line":149,"column":50}},"58":{"start":{"line":152,"column":6},"end":{"line":152,"column":83}},"59":{"start":{"line":152,"column":76},"end":{"line":152,"column":83}},"60":{"start":{"line":153,"column":6},"end":{"line":153,"column":25}},"61":{"start":{"line":154,"column":6},"end":{"line":154,"column":77}},"62":{"start":{"line":159,"column":4},"end":{"line":163,"column":7}},"63":{"start":{"line":167,"column":4},"end":{"line":172,"column":7}}},"fnMap":{"0":{"name":"(anonymous_0)","decl":{"start":{"line":31,"column":2},"end":{"line":31,"column":3}},"loc":{"start":{"line":31,"column":98},"end":{"line":42,"column":3}},"line":31},"1":{"name":"(anonymous_1)","decl":{"start":{"line":44,"column":2},"end":{"line":44,"column":3}},"loc":{"start":{"line":44,"column":25},"end":{"line":46,"column":3}},"line":44},"2":{"name":"(anonymous_2)","decl":{"start":{"line":48,"column":2},"end":{"line":48,"column":3}},"loc":{"start":{"line":48,"column":62},"end":{"line":58,"column":3}},"line":48},"3":{"name":"(anonymous_3)","decl":{"start":{"line":62,"column":15},"end":{"line":62,"column":16}},"loc":{"start":{"line":62,"column":72},"end":{"line":77,"column":5}},"line":62},"4":{"name":"(anonymous_4)","decl":{"start":{"line":79,"column":10},"end":{"line":79,"column":11}},"loc":{"start":{"line":79,"column":47},"end":{"line":86,"column":5}},"line":79},"5":{"name":"(anonymous_5)","decl":{"start":{"line":88,"column":11},"end":{"line":88,"column":12}},"loc":{"start":{"line":88,"column":42},"end":{"line":88,"column":78}},"line":88},"6":{"name":"(anonymous_6)","decl":{"start":{"line":90,"column":11},"end":{"line":90,"column":12}},"loc":{"start":{"line":90,"column":42},"end":{"line":109,"column":5}},"line":90},"7":{"name":"(anonymous_7)","decl":{"start":{"line":91,"column":35},"end":{"line":91,"column":36}},"loc":{"start":{"line":91,"column":58},"end":{"line":96,"column":7}},"line":91},"8":{"name":"(anonymous_8)","decl":{"start":{"line":111,"column":16},"end":{"line":111,"column":17}},"loc":{"start":{"line":111,"column":50},"end":{"line":113,"column":5}},"line":111},"9":{"name":"(anonymous_9)","decl":{"start":{"line":115,"column":17},"end":{"line":115,"column":18}},"loc":{"start":{"line":115,"column":51},"end":{"line":117,"column":5}},"line":115},"10":{"name":"(anonymous_10)","decl":{"start":{"line":120,"column":2},"end":{"line":120,"column":3}},"loc":{"start":{"line":120,"column":50},"end":{"line":123,"column":3}},"line":120},"11":{"name":"(anonymous_11)","decl":{"start":{"line":126,"column":2},"end":{"line":126,"column":3}},"loc":{"start":{"line":126,"column":42},"end":{"line":133,"column":3}},"line":126},"12":{"name":"(anonymous_12)","decl":{"start":{"line":135,"column":2},"end":{"line":135,"column":3}},"loc":{"start":{"line":135,"column":36},"end":{"line":141,"column":3}},"line":135},"13":{"name":"(anonymous_13)","decl":{"start":{"line":146,"column":22},"end":{"line":146,"column":23}},"loc":{"start":{"line":146,"column":53},"end":{"line":150,"column":5}},"line":146},"14":{"name":"(anonymous_14)","decl":{"start":{"line":151,"column":19},"end":{"line":151,"column":20}},"loc":{"start":{"line":151,"column":37},"end":{"line":155,"column":5}},"line":151},"15":{"name":"(anonymous_15)","decl":{"start":{"line":158,"column":2},"end":{"line":158,"column":3}},"loc":{"start":{"line":158,"column":56},"end":{"line":164,"column":3}},"line":158},"16":{"name":"(anonymous_16)","decl":{"start":{"line":166,"column":2},"end":{"line":166,"column":3}},"loc":{"start":{"line":166,"column":53},"end":{"line":173,"column":3}},"line":166}},"branchMap":{"0":{"loc":{"start":{"line":37,"column":10},"end":{"line":37,"column":40}},"type":"binary-expr","locations":[{"start":{"line":37,"column":10},"end":{"line":37,"column":35}},{"start":{"line":37,"column":39},"end":{"line":37,"column":40}}],"line":37},"1":{"loc":{"start":{"line":41,"column":18},"end":{"line":41,"column":65}},"type":"cond-expr","locations":[{"start":{"line":41,"column":31},"end":{"line":41,"column":58}},{"start":{"line":41,"column":61},"end":{"line":41,"column":65}}],"line":41},"2":{"loc":{"start":{"line":52,"column":23},"end":{"line":52,"column":70}},"type":"binary-expr","locations":[{"start":{"line":52,"column":23},"end":{"line":52,"column":59}},{"start":{"line":52,"column":63},"end":{"line":52,"column":70}}],"line":52},"3":{"loc":{"start":{"line":63,"column":6},"end":{"line":66,"column":7}},"type":"if","locations":[{"start":{"line":63,"column":6},"end":{"line":66,"column":7}},{"start":{},"end":{}}],"line":63},"4":{"loc":{"start":{"line":80,"column":6},"end":{"line":84,"column":7}},"type":"if","locations":[{"start":{"line":80,"column":6},"end":{"line":84,"column":7}},{"start":{},"end":{}}],"line":80},"5":{"loc":{"start":{"line":80,"column":10},"end":{"line":80,"column":41}},"type":"binary-expr","locations":[{"start":{"line":80,"column":10},"end":{"line":80,"column":25}},{"start":{"line":80,"column":29},"end":{"line":80,"column":41}}],"line":80},"6":{"loc":{"start":{"line":92,"column":8},"end":{"line":92,"column":49}},"type":"if","locations":[{"start":{"line":92,"column":8},"end":{"line":92,"column":49}},{"start":{},"end":{}}],"line":92},"7":{"loc":{"start":{"line":97,"column":6},"end":{"line":108,"column":7}},"type":"switch","locations":[{"start":{"line":98,"column":8},"end":{"line":99,"column":66}},{"start":{"line":100,"column":8},"end":{"line":101,"column":31}},{"start":{"line":102,"column":8},"end":{"line":103,"column":40}},{"start":{"line":104,"column":8},"end":{"line":105,"column":43}},{"start":{"line":106,"column":8},"end":{"line":107,"column":52}}],"line":97},"8":{"loc":{"start":{"line":122,"column":4},"end":{"line":122,"column":79}},"type":"if","locations":[{"start":{"line":122,"column":4},"end":{"line":122,"column":79}},{"start":{},"end":{}}],"line":122},"9":{"loc":{"start":{"line":147,"column":6},"end":{"line":147,"column":65}},"type":"if","locations":[{"start":{"line":147,"column":6},"end":{"line":147,"column":65}},{"start":{},"end":{}}],"line":147},"10":{"loc":{"start":{"line":152,"column":6},"end":{"line":152,"column":83}},"type":"if","locations":[{"start":{"line":152,"column":6},"end":{"line":152,"column":83}},{"start":{},"end":{}}],"line":152},"11":{"loc":{"start":{"line":152,"column":10},"end":{"line":152,"column":74}},"type":"binary-expr","locations":[{"start":{"line":152,"column":10},"end":{"line":152,"column":36}},{"start":{"line":152,"column":40},"end":{"line":152,"column":74}}],"line":152}},"s":{"0":8,"1":8,"2":8,"3":8,"4":8,"5":8,"6":8,"7":8,"8":5,"9":7,"10":7,"11":6,"12":6,"13":1,"14":1,"15":8,"16":3,"17":0,"18":0,"19":3,"20":2,"21":2,"22":1,"23":1,"24":1,"25":1,"26":2,"27":1,"28":1,"29":0,"30":1,"31":0,"32":0,"33":0,"34":1,"35":1,"36":0,"37":0,"38":0,"39":0,"40":0,"41":0,"42":1,"43":1,"44":0,"45":0,"46":0,"47":1,"48":1,"49":1,"50":1,"51":1,"52":8,"53":8,"54":0,"55":0,"56":0,"57":0,"58":0,"59":0,"60":0,"61":0,"62":3,"63":6},"f":{"0":8,"1":5,"2":7,"3":3,"4":2,"5":0,"6":1,"7":0,"8":0,"9":0,"10":1,"11":0,"12":1,"13":0,"14":0,"15":3,"16":6},"b":{"0":[8,0],"1":[4,4],"2":[6,0],"3":[0,3],"4":[1,1],"5":[2,1],"6":[0,0],"7":[1,0,0,0,0],"8":[0,1],"9":[0,0],"10":[0,0],"11":[0,0]},"_coverageSchema":"1a1c01bbd47fc00a2c39e90264f33305004495a9","hash":"6240c26184cf0de1364da967feaaf40980157b38"}
,"/Users/natereiners/coinbase-wallet-sdk/packages/wallet-sdk/src/CoinbaseWalletSDK.ts": {"path":"/Users/natereiners/coinbase-wallet-sdk/packages/wallet-sdk/src/CoinbaseWalletSDK.ts","statementMap":{"0":{"start":{"line":22,"column":4},"end":{"line":26,"column":6}},"1":{"start":{"line":27,"column":4},"end":{"line":27,"column":30}},"2":{"start":{"line":31,"column":19},"end":{"line":31,"column":41}},"3":{"start":{"line":32,"column":21},"end":{"line":32,"column":60}},"4":{"start":{"line":33,"column":4},"end":{"line":35,"column":5}},"5":{"start":{"line":34,"column":6},"end":{"line":34,"column":43}},"6":{"start":{"line":36,"column":4},"end":{"line":36,"column":79}},"7":{"start":{"line":46,"column":4},"end":{"line":46,"column":35}},"8":{"start":{"line":50,"column":27},"end":{"line":50,"column":59}},"9":{"start":{"line":51,"column":4},"end":{"line":51,"column":51}}},"fnMap":{"0":{"name":"(anonymous_0)","decl":{"start":{"line":21,"column":2},"end":{"line":21,"column":3}},"loc":{"start":{"line":21,"column":60},"end":{"line":28,"column":3}},"line":21},"1":{"name":"(anonymous_1)","decl":{"start":{"line":30,"column":2},"end":{"line":30,"column":3}},"loc":{"start":{"line":30,"column":90},"end":{"line":37,"column":3}},"line":30},"2":{"name":"(anonymous_2)","decl":{"start":{"line":45,"column":2},"end":{"line":45,"column":3}},"loc":{"start":{"line":45,"column":68},"end":{"line":47,"column":3}},"line":45},"3":{"name":"(anonymous_3)","decl":{"start":{"line":49,"column":2},"end":{"line":49,"column":3}},"loc":{"start":{"line":49,"column":31},"end":{"line":52,"column":3}},"line":49}},"branchMap":{"0":{"loc":{"start":{"line":23,"column":15},"end":{"line":23,"column":41}},"type":"binary-expr","locations":[{"start":{"line":23,"column":15},"end":{"line":23,"column":31}},{"start":{"line":23,"column":35},"end":{"line":23,"column":41}}],"line":23},"1":{"loc":{"start":{"line":24,"column":18},"end":{"line":24,"column":53}},"type":"binary-expr","locations":[{"start":{"line":24,"column":18},"end":{"line":24,"column":37}},{"start":{"line":24,"column":41},"end":{"line":24,"column":53}}],"line":24},"2":{"loc":{"start":{"line":25,"column":19},"end":{"line":25,"column":45}},"type":"binary-expr","locations":[{"start":{"line":25,"column":19},"end":{"line":25,"column":39}},{"start":{"line":25,"column":43},"end":{"line":25,"column":45}}],"line":25},"3":{"loc":{"start":{"line":30,"column":26},"end":{"line":30,"column":69}},"type":"default-arg","locations":[{"start":{"line":30,"column":51},"end":{"line":30,"column":69}}],"line":30},"4":{"loc":{"start":{"line":32,"column":21},"end":{"line":32,"column":60}},"type":"binary-expr","locations":[{"start":{"line":32,"column":21},"end":{"line":32,"column":36}},{"start":{"line":32,"column":40},"end":{"line":32,"column":60}}],"line":32},"5":{"loc":{"start":{"line":33,"column":4},"end":{"line":35,"column":5}},"type":"if","locations":[{"start":{"line":33,"column":4},"end":{"line":35,"column":5}},{"start":{},"end":{}}],"line":33},"6":{"loc":{"start":{"line":45,"column":47},"end":{"line":45,"column":58}},"type":"default-arg","locations":[{"start":{"line":45,"column":55},"end":{"line":45,"column":58}}],"line":45}},"s":{"0":3,"1":3,"2":3,"3":3,"4":3,"5":1,"6":2,"7":0,"8":3,"9":3},"f":{"0":3,"1":3,"2":0,"3":3},"b":{"0":[3,1],"1":[3,1],"2":[3,3],"3":[3],"4":[3,2],"5":[1,2],"6":[0]},"_coverageSchema":"1a1c01bbd47fc00a2c39e90264f33305004495a9","hash":"b1ea63c037c676ae28164fc53344583f8b3366f7"}
,"/Users/natereiners/coinbase-wallet-sdk/packages/wallet-sdk/src/index.ts": {"path":"/Users/natereiners/coinbase-wallet-sdk/packages/wallet-sdk/src/index.ts","statementMap":{},"fnMap":{},"branchMap":{},"s":{},"f":{},"b":{}}
,"/Users/natereiners/coinbase-wallet-sdk/packages/wallet-sdk/src/version.ts": {"path":"/Users/natereiners/coinbase-wallet-sdk/packages/wallet-sdk/src/version.ts","statementMap":{"0":{"start":{"line":1,"column":27},"end":{"line":1,"column":34}}},"fnMap":{},"branchMap":{},"s":{"0":8},"f":{},"b":{},"_coverageSchema":"1a1c01bbd47fc00a2c39e90264f33305004495a9","hash":"59dd25e5baace4a04ee4c6787c46d78b55572aeb"}
,"/Users/natereiners/coinbase-wallet-sdk/packages/wallet-sdk/src/core/constants.ts": {"path":"/Users/natereiners/coinbase-wallet-sdk/packages/wallet-sdk/src/core/constants.ts","statementMap":{"0":{"start":{"line":1,"column":27},"end":{"line":1,"column":62}},"1":{"start":{"line":2,"column":30},"end":{"line":2,"column":58}},"2":{"start":{"line":3,"column":39},"end":{"line":3,"column":71}}},"fnMap":{},"branchMap":{},"s":{"0":6,"1":6,"2":6},"f":{},"b":{},"_coverageSchema":"1a1c01bbd47fc00a2c39e90264f33305004495a9","hash":"9a47f17e71b1c07dd5c4469907ae560e0d2c934e"}
,"/Users/natereiners/coinbase-wallet-sdk/packages/wallet-sdk/src/core/communicator/Communicator.ts": {"path":"/Users/natereiners/coinbase-wallet-sdk/packages/wallet-sdk/src/core/communicator/Communicator.ts","statementMap":{"0":{"start":{"line":18,"column":33},"end":{"line":18,"column":37}},"1":{"start":{"line":19,"column":22},"end":{"line":19,"column":90}},"2":{"start":{"line":22,"column":4},"end":{"line":22,"column":28}},"3":{"start":{"line":28,"column":16},"end":{"line":31,"column":3}},"4":{"start":{"line":29,"column":18},"end":{"line":29,"column":49}},"5":{"start":{"line":30,"column":4},"end":{"line":30,"column":48}},"6":{"start":{"line":36,"column":34},"end":{"line":42,"column":3}},"7":{"start":{"line":39,"column":28},"end":{"line":39,"column":90}},"8":{"start":{"line":39,"column":65},"end":{"line":39,"column":89}},"9":{"start":{"line":40,"column":4},"end":{"line":40,"column":30}},"10":{"start":{"line":41,"column":4},"end":{"line":41,"column":33}},"11":{"start":{"line":47,"column":14},"end":{"line":63,"column":3}},"12":{"start":{"line":48,"column":4},"end":{"line":62,"column":7}},"13":{"start":{"line":49,"column":23},"end":{"line":58,"column":7}},"14":{"start":{"line":50,"column":8},"end":{"line":50,"column":53}},"15":{"start":{"line":50,"column":46},"end":{"line":50,"column":53}},"16":{"start":{"line":52,"column":24},"end":{"line":52,"column":34}},"17":{"start":{"line":53,"column":8},"end":{"line":57,"column":9}},"18":{"start":{"line":54,"column":10},"end":{"line":54,"column":27}},"19":{"start":{"line":55,"column":10},"end":{"line":55,"column":58}},"20":{"start":{"line":56,"column":10},"end":{"line":56,"column":42}},"21":{"start":{"line":60,"column":6},"end":{"line":60,"column":51}},"22":{"start":{"line":61,"column":6},"end":{"line":61,"column":47}},"23":{"start":{"line":68,"column":23},"end":{"line":78,"column":3}},"24":{"start":{"line":70,"column":4},"end":{"line":70,"column":27}},"25":{"start":{"line":71,"column":4},"end":{"line":71,"column":22}},"26":{"start":{"line":73,"column":4},"end":{"line":76,"column":7}},"27":{"start":{"line":74,"column":6},"end":{"line":74,"column":78}},"28":{"start":{"line":75,"column":6},"end":{"line":75,"column":54}},"29":{"start":{"line":77,"column":4},"end":{"line":77,"column":27}},"30":{"start":{"line":83,"column":23},"end":{"line":107,"column":3}},"31":{"start":{"line":84,"column":4},"end":{"line":88,"column":5}},"32":{"start":{"line":86,"column":6},"end":{"line":86,"column":25}},"33":{"start":{"line":87,"column":6},"end":{"line":87,"column":24}},"34":{"start":{"line":90,"column":4},"end":{"line":90,"column":37}},"35":{"start":{"line":92,"column":4},"end":{"line":94,"column":23}},"36":{"start":{"line":92,"column":49},"end":{"line":92,"column":72}},"37":{"start":{"line":96,"column":4},"end":{"line":106,"column":9}},"38":{"start":{"line":96,"column":56},"end":{"line":96,"column":79}},"39":{"start":{"line":98,"column":8},"end":{"line":101,"column":11}},"40":{"start":{"line":104,"column":8},"end":{"line":104,"column":61}},"41":{"start":{"line":104,"column":25},"end":{"line":104,"column":61}},"42":{"start":{"line":105,"column":8},"end":{"line":105,"column":26}}},"fnMap":{"0":{"name":"(anonymous_0)","decl":{"start":{"line":21,"column":2},"end":{"line":21,"column":3}},"loc":{"start":{"line":21,"column":41},"end":{"line":23,"column":3}},"line":21},"1":{"name":"(anonymous_1)","decl":{"start":{"line":28,"column":16},"end":{"line":28,"column":17}},"loc":{"start":{"line":28,"column":44},"end":{"line":31,"column":3}},"line":28},"2":{"name":"(anonymous_2)","decl":{"start":{"line":36,"column":34},"end":{"line":36,"column":35}},"loc":{"start":{"line":38,"column":19},"end":{"line":42,"column":3}},"line":38},"3":{"name":"(anonymous_3)","decl":{"start":{"line":39,"column":46},"end":{"line":39,"column":47}},"loc":{"start":{"line":39,"column":65},"end":{"line":39,"column":89}},"line":39},"4":{"name":"(anonymous_4)","decl":{"start":{"line":47,"column":14},"end":{"line":47,"column":15}},"loc":{"start":{"line":47,"column":94},"end":{"line":63,"column":3}},"line":47},"5":{"name":"(anonymous_5)","decl":{"start":{"line":48,"column":23},"end":{"line":48,"column":24}},"loc":{"start":{"line":48,"column":44},"end":{"line":62,"column":5}},"line":48},"6":{"name":"(anonymous_6)","decl":{"start":{"line":49,"column":23},"end":{"line":49,"column":24}},"loc":{"start":{"line":49,"column":51},"end":{"line":58,"column":7}},"line":49},"7":{"name":"(anonymous_7)","decl":{"start":{"line":68,"column":23},"end":{"line":68,"column":24}},"loc":{"start":{"line":68,"column":29},"end":{"line":78,"column":3}},"line":68},"8":{"name":"(anonymous_8)","decl":{"start":{"line":73,"column":27},"end":{"line":73,"column":28}},"loc":{"start":{"line":73,"column":53},"end":{"line":76,"column":5}},"line":73},"9":{"name":"(anonymous_9)","decl":{"start":{"line":83,"column":23},"end":{"line":83,"column":24}},"loc":{"start":{"line":83,"column":52},"end":{"line":107,"column":3}},"line":83},"10":{"name":"(anonymous_10)","decl":{"start":{"line":92,"column":34},"end":{"line":92,"column":35}},"loc":{"start":{"line":92,"column":49},"end":{"line":92,"column":72}},"line":92},"11":{"name":"(anonymous_11)","decl":{"start":{"line":94,"column":13},"end":{"line":94,"column":14}},"loc":{"start":{"line":94,"column":19},"end":{"line":94,"column":21}},"line":94},"12":{"name":"(anonymous_12)","decl":{"start":{"line":96,"column":41},"end":{"line":96,"column":42}},"loc":{"start":{"line":96,"column":56},"end":{"line":96,"column":79}},"line":96},"13":{"name":"(anonymous_13)","decl":{"start":{"line":97,"column":12},"end":{"line":97,"column":13}},"loc":{"start":{"line":97,"column":25},"end":{"line":102,"column":7}},"line":97},"14":{"name":"(anonymous_14)","decl":{"start":{"line":103,"column":12},"end":{"line":103,"column":13}},"loc":{"start":{"line":103,"column":18},"end":{"line":106,"column":7}},"line":103}},"branchMap":{"0":{"loc":{"start":{"line":21,"column":14},"end":{"line":21,"column":39}},"type":"default-arg","locations":[{"start":{"line":21,"column":28},"end":{"line":21,"column":39}}],"line":21},"1":{"loc":{"start":{"line":50,"column":8},"end":{"line":50,"column":53}},"type":"if","locations":[{"start":{"line":50,"column":8},"end":{"line":50,"column":53}},{"start":{},"end":{}}],"line":50},"2":{"loc":{"start":{"line":53,"column":8},"end":{"line":57,"column":9}},"type":"if","locations":[{"start":{"line":53,"column":8},"end":{"line":57,"column":9}},{"start":{},"end":{}}],"line":53},"3":{"loc":{"start":{"line":84,"column":4},"end":{"line":88,"column":5}},"type":"if","locations":[{"start":{"line":84,"column":4},"end":{"line":88,"column":5}},{"start":{},"end":{}}],"line":84},"4":{"loc":{"start":{"line":84,"column":8},"end":{"line":84,"column":40}},"type":"binary-expr","locations":[{"start":{"line":84,"column":8},"end":{"line":84,"column":18}},{"start":{"line":84,"column":22},"end":{"line":84,"column":40}}],"line":84},"5":{"loc":{"start":{"line":104,"column":8},"end":{"line":104,"column":61}},"type":"if","locations":[{"start":{"line":104,"column":8},"end":{"line":104,"column":61}},{"start":{},"end":{}}],"line":104}},"s":{"0":15,"1":15,"2":15,"3":15,"4":7,"5":6,"6":15,"7":2,"8":2,"9":2,"10":2,"11":15,"12":14,"13":14,"14":24,"15":0,"16":24,"17":24,"18":7,"19":7,"20":7,"21":14,"22":14,"23":15,"24":0,"25":0,"26":0,"27":0,"28":0,"29":0,"30":15,"31":10,"32":4,"33":4,"34":6,"35":6,"36":16,"37":6,"38":5,"39":5,"40":5,"41":0,"42":5},"f":{"0":15,"1":7,"2":2,"3":2,"4":14,"5":14,"6":24,"7":0,"8":0,"9":10,"10":16,"11":0,"12":5,"13":5,"14":5},"b":{"0":[15],"1":[0,24],"2":[7,17],"3":[4,6],"4":[10,5],"5":[0,5]},"_coverageSchema":"1a1c01bbd47fc00a2c39e90264f33305004495a9","hash":"70c8be6a84679690c1e0bc4f8963b2c409750c0b"}
,"/Users/natereiners/coinbase-wallet-sdk/packages/wallet-sdk/src/core/error/constants.ts": {"path":"/Users/natereiners/coinbase-wallet-sdk/packages/wallet-sdk/src/core/error/constants.ts","statementMap":{"0":{"start":{"line":25,"column":46},"end":{"line":47,"column":1}},"1":{"start":{"line":49,"column":27},"end":{"line":119,"column":1}}},"fnMap":{},"branchMap":{},"s":{"0":19,"1":19},"f":{},"b":{},"_coverageSchema":"1a1c01bbd47fc00a2c39e90264f33305004495a9","hash":"ade133a542a73c3f92f8016ba903ce8715c71534"}
,"/Users/natereiners/coinbase-wallet-sdk/packages/wallet-sdk/src/core/error/errors.ts": {"path":"/Users/natereiners/coinbase-wallet-sdk/packages/wallet-sdk/src/core/error/errors.ts","statementMap":{"0":{"start":{"line":4,"column":30},"end":{"line":88,"column":1}},"1":{"start":{"line":6,"column":41},"end":{"line":6,"column":94}},"2":{"start":{"line":9,"column":6},"end":{"line":9,"column":68}},"3":{"start":{"line":12,"column":6},"end":{"line":12,"column":67}},"4":{"start":{"line":15,"column":6},"end":{"line":15,"column":68}},"5":{"start":{"line":18,"column":6},"end":{"line":18,"column":62}},"6":{"start":{"line":21,"column":6},"end":{"line":23,"column":7}},"7":{"start":{"line":22,"column":8},"end":{"line":22,"column":91}},"8":{"start":{"line":24,"column":23},"end":{"line":24,"column":27}},"9":{"start":{"line":25,"column":6},"end":{"line":27,"column":7}},"10":{"start":{"line":26,"column":8},"end":{"line":26,"column":89}},"11":{"start":{"line":28,"column":6},"end":{"line":28,"column":44}},"12":{"start":{"line":32,"column":6},"end":{"line":32,"column":66}},"13":{"start":{"line":35,"column":6},"end":{"line":35,"column":70}},"14":{"start":{"line":38,"column":6},"end":{"line":38,"column":73}},"15":{"start":{"line":41,"column":6},"end":{"line":41,"column":73}},"16":{"start":{"line":44,"column":6},"end":{"line":44,"column":72}},"17":{"start":{"line":47,"column":6},"end":{"line":47,"column":67}},"18":{"start":{"line":52,"column":6},"end":{"line":52,"column":87}},"19":{"start":{"line":56,"column":6},"end":{"line":56,"column":80}},"20":{"start":{"line":60,"column":6},"end":{"line":60,"column":85}},"21":{"start":{"line":64,"column":6},"end":{"line":64,"column":80}},"22":{"start":{"line":68,"column":6},"end":{"line":68,"column":85}},"23":{"start":{"line":72,"column":6},"end":{"line":72,"column":84}},"24":{"start":{"line":76,"column":6},"end":{"line":78,"column":7}},"25":{"start":{"line":77,"column":8},"end":{"line":77,"column":96}},"26":{"start":{"line":80,"column":38},"end":{"line":80,"column":42}},"27":{"start":{"line":82,"column":6},"end":{"line":84,"column":7}},"28":{"start":{"line":83,"column":8},"end":{"line":83,"column":63}},"29":{"start":{"line":85,"column":6},"end":{"line":85,"column":60}},"30":{"start":{"line":93,"column":26},"end":{"line":93,"column":40}},"31":{"start":{"line":94,"column":2},"end":{"line":94,"column":79}},"32":{"start":{"line":98,"column":26},"end":{"line":98,"column":40}},"33":{"start":{"line":99,"column":2},"end":{"line":99,"column":84}},"34":{"start":{"line":103,"column":2},"end":{"line":114,"column":3}},"35":{"start":{"line":104,"column":4},"end":{"line":113,"column":5}},"36":{"start":{"line":105,"column":6},"end":{"line":105,"column":19}},"37":{"start":{"line":106,"column":11},"end":{"line":113,"column":5}},"38":{"start":{"line":107,"column":32},"end":{"line":107,"column":35}},"39":{"start":{"line":109,"column":6},"end":{"line":111,"column":7}},"40":{"start":{"line":110,"column":8},"end":{"line":110,"column":56}},"41":{"start":{"line":112,"column":6},"end":{"line":112,"column":42}},"42":{"start":{"line":115,"column":2},"end":{"line":115,"column":12}},"43":{"start":{"line":137,"column":4},"end":{"line":139,"column":5}},"44":{"start":{"line":138,"column":6},"end":{"line":138,"column":52}},"45":{"start":{"line":140,"column":4},"end":{"line":142,"column":5}},"46":{"start":{"line":141,"column":6},"end":{"line":141,"column":62}},"47":{"start":{"line":144,"column":4},"end":{"line":144,"column":19}},"48":{"start":{"line":145,"column":4},"end":{"line":145,"column":21}},"49":{"start":{"line":146,"column":4},"end":{"line":148,"column":5}},"50":{"start":{"line":147,"column":6},"end":{"line":147,"column":23}},"51":{"start":{"line":158,"column":4},"end":{"line":160,"column":5}},"52":{"start":{"line":159,"column":6},"end":{"line":159,"column":83}},"53":{"start":{"line":162,"column":4},"end":{"line":162,"column":31}},"54":{"start":{"line":167,"column":2},"end":{"line":167,"column":64}}},"fnMap":{"0":{"name":"(anonymous_0)","decl":{"start":{"line":6,"column":11},"end":{"line":6,"column":12}},"loc":{"start":{"line":6,"column":41},"end":{"line":6,"column":94}},"line":6},"1":{"name":"(anonymous_1)","decl":{"start":{"line":8,"column":20},"end":{"line":8,"column":21}},"loc":{"start":{"line":9,"column":6},"end":{"line":9,"column":68}},"line":9},"2":{"name":"(anonymous_2)","decl":{"start":{"line":11,"column":19},"end":{"line":11,"column":20}},"loc":{"start":{"line":12,"column":6},"end":{"line":12,"column":67}},"line":12},"3":{"name":"(anonymous_3)","decl":{"start":{"line":14,"column":20},"end":{"line":14,"column":21}},"loc":{"start":{"line":15,"column":6},"end":{"line":15,"column":68}},"line":15},"4":{"name":"(anonymous_4)","decl":{"start":{"line":17,"column":14},"end":{"line":17,"column":15}},"loc":{"start":{"line":18,"column":6},"end":{"line":18,"column":62}},"line":18},"5":{"name":"(anonymous_5)","decl":{"start":{"line":20,"column":12},"end":{"line":20,"column":13}},"loc":{"start":{"line":20,"column":48},"end":{"line":29,"column":5}},"line":20},"6":{"name":"(anonymous_6)","decl":{"start":{"line":31,"column":18},"end":{"line":31,"column":19}},"loc":{"start":{"line":32,"column":6},"end":{"line":32,"column":66}},"line":32},"7":{"name":"(anonymous_7)","decl":{"start":{"line":34,"column":22},"end":{"line":34,"column":23}},"loc":{"start":{"line":35,"column":6},"end":{"line":35,"column":70}},"line":35},"8":{"name":"(anonymous_8)","decl":{"start":{"line":37,"column":25},"end":{"line":37,"column":26}},"loc":{"start":{"line":38,"column":6},"end":{"line":38,"column":73}},"line":38},"9":{"name":"(anonymous_9)","decl":{"start":{"line":40,"column":25},"end":{"line":40,"column":26}},"loc":{"start":{"line":41,"column":6},"end":{"line":41,"column":73}},"line":41},"10":{"name":"(anonymous_10)","decl":{"start":{"line":43,"column":24},"end":{"line":43,"column":25}},"loc":{"start":{"line":44,"column":6},"end":{"line":44,"column":72}},"line":44},"11":{"name":"(anonymous_11)","decl":{"start":{"line":46,"column":19},"end":{"line":46,"column":20}},"loc":{"start":{"line":47,"column":6},"end":{"line":47,"column":67}},"line":47},"12":{"name":"(anonymous_12)","decl":{"start":{"line":51,"column":25},"end":{"line":51,"column":26}},"loc":{"start":{"line":51,"column":55},"end":{"line":53,"column":5}},"line":51},"13":{"name":"(anonymous_13)","decl":{"start":{"line":55,"column":18},"end":{"line":55,"column":19}},"loc":{"start":{"line":55,"column":48},"end":{"line":57,"column":5}},"line":55},"14":{"name":"(anonymous_14)","decl":{"start":{"line":59,"column":23},"end":{"line":59,"column":24}},"loc":{"start":{"line":59,"column":53},"end":{"line":61,"column":5}},"line":59},"15":{"name":"(anonymous_15)","decl":{"start":{"line":63,"column":18},"end":{"line":63,"column":19}},"loc":{"start":{"line":63,"column":48},"end":{"line":65,"column":5}},"line":63},"16":{"name":"(anonymous_16)","decl":{"start":{"line":67,"column":23},"end":{"line":67,"column":24}},"loc":{"start":{"line":67,"column":53},"end":{"line":69,"column":5}},"line":67},"17":{"name":"(anonymous_17)","decl":{"start":{"line":71,"column":22},"end":{"line":71,"column":23}},"loc":{"start":{"line":71,"column":52},"end":{"line":73,"column":5}},"line":71},"18":{"name":"(anonymous_18)","decl":{"start":{"line":75,"column":12},"end":{"line":75,"column":13}},"loc":{"start":{"line":75,"column":44},"end":{"line":86,"column":5}},"line":75},"19":{"name":"getEthJsonRpcError","decl":{"start":{"line":92,"column":9},"end":{"line":92,"column":27}},"loc":{"start":{"line":92,"column":89},"end":{"line":95,"column":1}},"line":92},"20":{"name":"getEthProviderError","decl":{"start":{"line":97,"column":9},"end":{"line":97,"column":28}},"loc":{"start":{"line":97,"column":95},"end":{"line":100,"column":1}},"line":97},"21":{"name":"parseOpts","decl":{"start":{"line":102,"column":9},"end":{"line":102,"column":18}},"loc":{"start":{"line":102,"column":60},"end":{"line":116,"column":1}},"line":102},"22":{"name":"(anonymous_22)","decl":{"start":{"line":136,"column":2},"end":{"line":136,"column":3}},"loc":{"start":{"line":136,"column":55},"end":{"line":149,"column":3}},"line":136},"23":{"name":"(anonymous_23)","decl":{"start":{"line":157,"column":2},"end":{"line":157,"column":3}},"loc":{"start":{"line":157,"column":55},"end":{"line":163,"column":3}},"line":157},"24":{"name":"isValidEthProviderCode","decl":{"start":{"line":166,"column":9},"end":{"line":166,"column":31}},"loc":{"start":{"line":166,"column":55},"end":{"line":168,"column":1}},"line":166}},"branchMap":{"0":{"loc":{"start":{"line":21,"column":6},"end":{"line":23,"column":7}},"type":"if","locations":[{"start":{"line":21,"column":6},"end":{"line":23,"column":7}},{"start":{},"end":{}}],"line":21},"1":{"loc":{"start":{"line":21,"column":10},"end":{"line":21,"column":66}},"type":"binary-expr","locations":[{"start":{"line":21,"column":10},"end":{"line":21,"column":15}},{"start":{"line":21,"column":19},"end":{"line":21,"column":43}},{"start":{"line":21,"column":47},"end":{"line":21,"column":66}}],"line":21},"2":{"loc":{"start":{"line":25,"column":6},"end":{"line":27,"column":7}},"type":"if","locations":[{"start":{"line":25,"column":6},"end":{"line":27,"column":7}},{"start":{},"end":{}}],"line":25},"3":{"loc":{"start":{"line":25,"column":10},"end":{"line":25,"column":67}},"type":"binary-expr","locations":[{"start":{"line":25,"column":10},"end":{"line":25,"column":33}},{"start":{"line":25,"column":37},"end":{"line":25,"column":50}},{"start":{"line":25,"column":54},"end":{"line":25,"column":67}}],"line":25},"4":{"loc":{"start":{"line":76,"column":6},"end":{"line":78,"column":7}},"type":"if","locations":[{"start":{"line":76,"column":6},"end":{"line":78,"column":7}},{"start":{},"end":{}}],"line":76},"5":{"loc":{"start":{"line":76,"column":10},"end":{"line":76,"column":66}},"type":"binary-expr","locations":[{"start":{"line":76,"column":10},"end":{"line":76,"column":15}},{"start":{"line":76,"column":19},"end":{"line":76,"column":43}},{"start":{"line":76,"column":47},"end":{"line":76,"column":66}}],"line":76},"6":{"loc":{"start":{"line":82,"column":6},"end":{"line":84,"column":7}},"type":"if","locations":[{"start":{"line":82,"column":6},"end":{"line":84,"column":7}},{"start":{},"end":{}}],"line":82},"7":{"loc":{"start":{"line":82,"column":10},"end":{"line":82,"column":49}},"type":"binary-expr","locations":[{"start":{"line":82,"column":10},"end":{"line":82,"column":18}},{"start":{"line":82,"column":22},"end":{"line":82,"column":49}}],"line":82},"8":{"loc":{"start":{"line":94,"column":36},"end":{"line":94,"column":71}},"type":"binary-expr","locations":[{"start":{"line":94,"column":36},"end":{"line":94,"column":43}},{"start":{"line":94,"column":47},"end":{"line":94,"column":71}}],"line":94},"9":{"loc":{"start":{"line":99,"column":41},"end":{"line":99,"column":76}},"type":"binary-expr","locations":[{"start":{"line":99,"column":41},"end":{"line":99,"column":48}},{"start":{"line":99,"column":52},"end":{"line":99,"column":76}}],"line":99},"10":{"loc":{"start":{"line":103,"column":2},"end":{"line":114,"column":3}},"type":"if","locations":[{"start":{"line":103,"column":2},"end":{"line":114,"column":3}},{"start":{},"end":{}}],"line":103},"11":{"loc":{"start":{"line":104,"column":4},"end":{"line":113,"column":5}},"type":"if","locations":[{"start":{"line":104,"column":4},"end":{"line":113,"column":5}},{"start":{"line":106,"column":11},"end":{"line":113,"column":5}}],"line":104},"12":{"loc":{"start":{"line":106,"column":11},"end":{"line":113,"column":5}},"type":"if","locations":[{"start":{"line":106,"column":11},"end":{"line":113,"column":5}},{"start":{},"end":{}}],"line":106},"13":{"loc":{"start":{"line":106,"column":15},"end":{"line":106,"column":61}},"type":"binary-expr","locations":[{"start":{"line":106,"column":15},"end":{"line":106,"column":38}},{"start":{"line":106,"column":42},"end":{"line":106,"column":61}}],"line":106},"14":{"loc":{"start":{"line":109,"column":6},"end":{"line":111,"column":7}},"type":"if","locations":[{"start":{"line":109,"column":6},"end":{"line":111,"column":7}},{"start":{},"end":{}}],"line":109},"15":{"loc":{"start":{"line":109,"column":10},"end":{"line":109,"column":48}},"type":"binary-expr","locations":[{"start":{"line":109,"column":10},"end":{"line":109,"column":17}},{"start":{"line":109,"column":21},"end":{"line":109,"column":48}}],"line":109},"16":{"loc":{"start":{"line":112,"column":14},"end":{"line":112,"column":34}},"type":"binary-expr","locations":[{"start":{"line":112,"column":14},"end":{"line":112,"column":21}},{"start":{"line":112,"column":25},"end":{"line":112,"column":34}}],"line":112},"17":{"loc":{"start":{"line":137,"column":4},"end":{"line":139,"column":5}},"type":"if","locations":[{"start":{"line":137,"column":4},"end":{"line":139,"column":5}},{"start":{},"end":{}}],"line":137},"18":{"loc":{"start":{"line":140,"column":4},"end":{"line":142,"column":5}},"type":"if","locations":[{"start":{"line":140,"column":4},"end":{"line":142,"column":5}},{"start":{},"end":{}}],"line":140},"19":{"loc":{"start":{"line":140,"column":8},"end":{"line":140,"column":47}},"type":"binary-expr","locations":[{"start":{"line":140,"column":8},"end":{"line":140,"column":16}},{"start":{"line":140,"column":20},"end":{"line":140,"column":47}}],"line":140},"20":{"loc":{"start":{"line":146,"column":4},"end":{"line":148,"column":5}},"type":"if","locations":[{"start":{"line":146,"column":4},"end":{"line":148,"column":5}},{"start":{},"end":{}}],"line":146},"21":{"loc":{"start":{"line":158,"column":4},"end":{"line":160,"column":5}},"type":"if","locations":[{"start":{"line":158,"column":4},"end":{"line":160,"column":5}},{"start":{},"end":{}}],"line":158},"22":{"loc":{"start":{"line":167,"column":9},"end":{"line":167,"column":63}},"type":"binary-expr","locations":[{"start":{"line":167,"column":9},"end":{"line":167,"column":31}},{"start":{"line":167,"column":35},"end":{"line":167,"column":47}},{"start":{"line":167,"column":51},"end":{"line":167,"column":63}}],"line":167}},"s":{"0":19,"1":0,"2":8,"3":29,"4":0,"5":2,"6":0,"7":0,"8":0,"9":0,"10":0,"11":0,"12":0,"13":0,"14":0,"15":0,"16":0,"17":0,"18":4,"19":2,"20":1,"21":2,"22":0,"23":3,"24":0,"25":0,"26":0,"27":0,"28":0,"29":0,"30":39,"31":39,"32":12,"33":12,"34":51,"35":47,"36":25,"37":22,"38":22,"39":22,"40":0,"41":22,"42":4,"43":51,"44":0,"45":51,"46":0,"47":51,"48":51,"49":51,"50":17,"51":12,"52":0,"53":12,"54":12},"f":{"0":0,"1":8,"2":29,"3":0,"4":2,"5":0,"6":0,"7":0,"8":0,"9":0,"10":0,"11":0,"12":4,"13":2,"14":1,"15":2,"16":0,"17":3,"18":0,"19":39,"20":12,"21":51,"22":51,"23":12,"24":12},"b":{"0":[0,0],"1":[0,0,0],"2":[0,0],"3":[0,0,0],"4":[0,0],"5":[0,0,0],"6":[0,0],"7":[0,0],"8":[39,0],"9":[12,9],"10":[47,4],"11":[25,22],"12":[22,0],"13":[22,22],"14":[0,22],"15":[22,17],"16":[22,5],"17":[0,51],"18":[0,51],"19":[51,51],"20":[17,34],"21":[0,12],"22":[12,12,12]},"_coverageSchema":"1a1c01bbd47fc00a2c39e90264f33305004495a9","hash":"1637208d810979a8abeb8182532d3bab006f0ec0"}
,"/Users/natereiners/coinbase-wallet-sdk/packages/wallet-sdk/src/core/error/index.ts": {"path":"/Users/natereiners/coinbase-wallet-sdk/packages/wallet-sdk/src/core/error/index.ts","statementMap":{},"fnMap":{},"branchMap":{},"s":{},"f":{},"b":{},"_coverageSchema":"1a1c01bbd47fc00a2c39e90264f33305004495a9","hash":"e197eb18b84b8f924b6c856db492e240b881f5cd"}
,"/Users/natereiners/coinbase-wallet-sdk/packages/wallet-sdk/src/core/error/serialize.ts": {"path":"/Users/natereiners/coinbase-wallet-sdk/packages/wallet-sdk/src/core/error/serialize.ts","statementMap":{"0":{"start":{"line":16,"column":21},"end":{"line":18,"column":4}},"1":{"start":{"line":20,"column":17},"end":{"line":20,"column":82}},"2":{"start":{"line":21,"column":2},"end":{"line":21,"column":50}},"3":{"start":{"line":22,"column":2},"end":{"line":22,"column":62}},"4":{"start":{"line":23,"column":17},"end":{"line":23,"column":60}},"5":{"start":{"line":24,"column":2},"end":{"line":26,"column":3}},"6":{"start":{"line":25,"column":4},"end":{"line":25,"column":46}},"7":{"start":{"line":27,"column":2},"end":{"line":27,"column":57}},"8":{"start":{"line":29,"column":2},"end":{"line":32,"column":4}},"9":{"start":{"line":39,"column":2},"end":{"line":51,"column":3}},"10":{"start":{"line":40,"column":4},"end":{"line":43,"column":6}},"11":{"start":{"line":44,"column":9},"end":{"line":51,"column":3}},"12":{"start":{"line":45,"column":4},"end":{"line":50,"column":6}},"13":{"start":{"line":52,"column":2},"end":{"line":52,"column":15}},"14":{"start":{"line":62,"column":23},"end":{"line":62,"column":69}},"15":{"start":{"line":63,"column":2},"end":{"line":65,"column":3}},"16":{"start":{"line":64,"column":4},"end":{"line":64,"column":24}},"17":{"start":{"line":67,"column":2},"end":{"line":75,"column":3}},"18":{"start":{"line":68,"column":4},"end":{"line":68,"column":21}},"19":{"start":{"line":69,"column":9},"end":{"line":75,"column":3}},"20":{"start":{"line":70,"column":4},"end":{"line":70,"column":19}},"21":{"start":{"line":71,"column":9},"end":{"line":75,"column":3}},"22":{"start":{"line":72,"column":4},"end":{"line":72,"column":26}},"23":{"start":{"line":73,"column":9},"end":{"line":75,"column":3}},"24":{"start":{"line":74,"column":4},"end":{"line":74,"column":29}},"25":{"start":{"line":76,"column":2},"end":{"line":76,"column":19}}},"fnMap":{"0":{"name":"serializeError","decl":{"start":{"line":12,"column":16},"end":{"line":12,"column":30}},"loc":{"start":{"line":15,"column":19},"end":{"line":33,"column":1}},"line":15},"1":{"name":"getErrorObject","decl":{"start":{"line":38,"column":9},"end":{"line":38,"column":23}},"loc":{"start":{"line":38,"column":64},"end":{"line":53,"column":1}},"line":38},"2":{"name":"getMethod","decl":{"start":{"line":58,"column":9},"end":{"line":58,"column":18}},"loc":{"start":{"line":61,"column":22},"end":{"line":77,"column":1}},"line":61}},"branchMap":{"0":{"loc":{"start":{"line":24,"column":2},"end":{"line":26,"column":3}},"type":"if","locations":[{"start":{"line":24,"column":2},"end":{"line":26,"column":3}},{"start":{},"end":{}}],"line":24},"1":{"loc":{"start":{"line":39,"column":2},"end":{"line":51,"column":3}},"type":"if","locations":[{"start":{"line":39,"column":2},"end":{"line":51,"column":3}},{"start":{"line":44,"column":9},"end":{"line":51,"column":3}}],"line":39},"2":{"loc":{"start":{"line":44,"column":9},"end":{"line":51,"column":3}},"type":"if","locations":[{"start":{"line":44,"column":9},"end":{"line":51,"column":3}},{"start":{},"end":{}}],"line":44},"3":{"loc":{"start":{"line":63,"column":2},"end":{"line":65,"column":3}},"type":"if","locations":[{"start":{"line":63,"column":2},"end":{"line":65,"column":3}},{"start":{},"end":{}}],"line":63},"4":{"loc":{"start":{"line":67,"column":2},"end":{"line":75,"column":3}},"type":"if","locations":[{"start":{"line":67,"column":2},"end":{"line":75,"column":3}},{"start":{"line":69,"column":9},"end":{"line":75,"column":3}}],"line":67},"5":{"loc":{"start":{"line":69,"column":9},"end":{"line":75,"column":3}},"type":"if","locations":[{"start":{"line":69,"column":9},"end":{"line":75,"column":3}},{"start":{"line":71,"column":9},"end":{"line":75,"column":3}}],"line":69},"6":{"loc":{"start":{"line":71,"column":9},"end":{"line":75,"column":3}},"type":"if","locations":[{"start":{"line":71,"column":9},"end":{"line":75,"column":3}},{"start":{"line":73,"column":9},"end":{"line":75,"column":3}}],"line":71},"7":{"loc":{"start":{"line":73,"column":9},"end":{"line":75,"column":3}},"type":"if","locations":[{"start":{"line":73,"column":9},"end":{"line":75,"column":3}},{"start":{},"end":{}}],"line":73}},"s":{"0":10,"1":10,"2":10,"3":10,"4":10,"5":10,"6":8,"7":10,"8":10,"9":10,"10":1,"11":9,"12":1,"13":8,"14":10,"15":10,"16":1,"17":9,"18":2,"19":7,"20":5,"21":2,"22":1,"23":1,"24":1,"25":0},"f":{"0":10,"1":10,"2":10},"b":{"0":[8,2],"1":[1,9],"2":[1,8],"3":[1,9],"4":[2,7],"5":[5,2],"6":[1,1],"7":[1,0]},"_coverageSchema":"1a1c01bbd47fc00a2c39e90264f33305004495a9","hash":"59fe895a4d49f5039399b5e4626ba25f347a6f57"}
,"/Users/natereiners/coinbase-wallet-sdk/packages/wallet-sdk/src/core/error/utils.ts": {"path":"/Users/natereiners/coinbase-wallet-sdk/packages/wallet-sdk/src/core/error/utils.ts","statementMap":{"0":{"start":{"line":3,"column":25},"end":{"line":3,"column":53}},"1":{"start":{"line":5,"column":45},"end":{"line":5,"column":72}},"2":{"start":{"line":17,"column":2},"end":{"line":26,"column":3}},"3":{"start":{"line":18,"column":23},"end":{"line":18,"column":38}},"4":{"start":{"line":20,"column":4},"end":{"line":22,"column":5}},"5":{"start":{"line":21,"column":6},"end":{"line":21,"column":62}},"6":{"start":{"line":23,"column":4},"end":{"line":25,"column":5}},"7":{"start":{"line":24,"column":6},"end":{"line":24,"column":43}},"8":{"start":{"line":27,"column":2},"end":{"line":27,"column":25}},"9":{"start":{"line":35,"column":2},"end":{"line":37,"column":3}},"10":{"start":{"line":36,"column":4},"end":{"line":36,"column":17}},"11":{"start":{"line":39,"column":21},"end":{"line":39,"column":36}},"12":{"start":{"line":40,"column":2},"end":{"line":42,"column":3}},"13":{"start":{"line":41,"column":4},"end":{"line":41,"column":16}},"14":{"start":{"line":44,"column":2},"end":{"line":46,"column":3}},"15":{"start":{"line":45,"column":4},"end":{"line":45,"column":16}},"16":{"start":{"line":47,"column":2},"end":{"line":47,"column":15}},"17":{"start":{"line":54,"column":2},"end":{"line":58,"column":3}},"18":{"start":{"line":55,"column":4},"end":{"line":55,"column":17}},"19":{"start":{"line":56,"column":9},"end":{"line":58,"column":3}},"20":{"start":{"line":57,"column":4},"end":{"line":57,"column":41}},"21":{"start":{"line":60,"column":2},"end":{"line":60,"column":19}},"22":{"start":{"line":69,"column":2},"end":{"line":74,"column":4}},"23":{"start":{"line":95,"column":58},"end":{"line":95,"column":60}},"24":{"start":{"line":97,"column":2},"end":{"line":123,"column":3}},"25":{"start":{"line":104,"column":19},"end":{"line":104,"column":63}},"26":{"start":{"line":105,"column":4},"end":{"line":105,"column":34}},"27":{"start":{"line":107,"column":4},"end":{"line":117,"column":5}},"28":{"start":{"line":108,"column":6},"end":{"line":108,"column":42}},"29":{"start":{"line":110,"column":6},"end":{"line":112,"column":7}},"30":{"start":{"line":111,"column":8},"end":{"line":111,"column":38}},"31":{"start":{"line":114,"column":6},"end":{"line":114,"column":95}},"32":{"start":{"line":116,"column":6},"end":{"line":116,"column":70}},"33":{"start":{"line":119,"column":4},"end":{"line":119,"column":54}},"34":{"start":{"line":121,"column":4},"end":{"line":121,"column":96}},"35":{"start":{"line":122,"column":4},"end":{"line":122,"column":68}},"36":{"start":{"line":125,"column":2},"end":{"line":127,"column":3}},"37":{"start":{"line":126,"column":4},"end":{"line":126,"column":83}},"38":{"start":{"line":128,"column":2},"end":{"line":128,"column":50}},"39":{"start":{"line":134,"column":2},"end":{"line":134,"column":42}},"40":{"start":{"line":138,"column":2},"end":{"line":140,"column":3}},"41":{"start":{"line":139,"column":4},"end":{"line":139,"column":36}},"42":{"start":{"line":141,"column":2},"end":{"line":141,"column":15}},"43":{"start":{"line":145,"column":2},"end":{"line":145,"column":56}},"44":{"start":{"line":149,"column":2},"end":{"line":151,"column":4}}},"fnMap":{"0":{"name":"getMessageFromCode","decl":{"start":{"line":13,"column":16},"end":{"line":13,"column":34}},"loc":{"start":{"line":16,"column":10},"end":{"line":28,"column":1}},"line":16},"1":{"name":"isValidCode","decl":{"start":{"line":34,"column":16},"end":{"line":34,"column":27}},"loc":{"start":{"line":34,"column":51},"end":{"line":48,"column":1}},"line":34},"2":{"name":"getErrorCode","decl":{"start":{"line":53,"column":16},"end":{"line":53,"column":28}},"loc":{"start":{"line":53,"column":65},"end":{"line":61,"column":1}},"line":53},"3":{"name":"isErrorWithCode","decl":{"start":{"line":68,"column":9},"end":{"line":68,"column":24}},"loc":{"start":{"line":68,"column":65},"end":{"line":75,"column":1}},"line":68},"4":{"name":"serialize","decl":{"start":{"line":91,"column":16},"end":{"line":91,"column":25}},"loc":{"start":{"line":94,"column":30},"end":{"line":129,"column":1}},"line":94},"5":{"name":"isJsonRpcServerError","decl":{"start":{"line":133,"column":9},"end":{"line":133,"column":29}},"loc":{"start":{"line":133,"column":53},"end":{"line":135,"column":1}},"line":133},"6":{"name":"assignOriginalError","decl":{"start":{"line":137,"column":9},"end":{"line":137,"column":28}},"loc":{"start":{"line":137,"column":54},"end":{"line":142,"column":1}},"line":137},"7":{"name":"hasKey","decl":{"start":{"line":144,"column":9},"end":{"line":144,"column":15}},"loc":{"start":{"line":144,"column":59},"end":{"line":146,"column":1}},"line":144},"8":{"name":"hasStringProperty","decl":{"start":{"line":148,"column":9},"end":{"line":148,"column":26}},"loc":{"start":{"line":148,"column":69},"end":{"line":152,"column":1}},"line":148}},"branchMap":{"0":{"loc":{"start":{"line":15,"column":2},"end":{"line":15,"column":44}},"type":"default-arg","locations":[{"start":{"line":15,"column":28},"end":{"line":15,"column":44}}],"line":15},"1":{"loc":{"start":{"line":17,"column":2},"end":{"line":26,"column":3}},"type":"if","locations":[{"start":{"line":17,"column":2},"end":{"line":26,"column":3}},{"start":{},"end":{}}],"line":17},"2":{"loc":{"start":{"line":17,"column":6},"end":{"line":17,"column":36}},"type":"binary-expr","locations":[{"start":{"line":17,"column":6},"end":{"line":17,"column":10}},{"start":{"line":17,"column":14},"end":{"line":17,"column":36}}],"line":17},"3":{"loc":{"start":{"line":20,"column":4},"end":{"line":22,"column":5}},"type":"if","locations":[{"start":{"line":20,"column":4},"end":{"line":22,"column":5}},{"start":{},"end":{}}],"line":20},"4":{"loc":{"start":{"line":23,"column":4},"end":{"line":25,"column":5}},"type":"if","locations":[{"start":{"line":23,"column":4},"end":{"line":25,"column":5}},{"start":{},"end":{}}],"line":23},"5":{"loc":{"start":{"line":35,"column":2},"end":{"line":37,"column":3}},"type":"if","locations":[{"start":{"line":35,"column":2},"end":{"line":37,"column":3}},{"start":{},"end":{}}],"line":35},"6":{"loc":{"start":{"line":40,"column":2},"end":{"line":42,"column":3}},"type":"if","locations":[{"start":{"line":40,"column":2},"end":{"line":42,"column":3}},{"start":{},"end":{}}],"line":40},"7":{"loc":{"start":{"line":44,"column":2},"end":{"line":46,"column":3}},"type":"if","locations":[{"start":{"line":44,"column":2},"end":{"line":46,"column":3}},{"start":{},"end":{}}],"line":44},"8":{"loc":{"start":{"line":54,"column":2},"end":{"line":58,"column":3}},"type":"if","locations":[{"start":{"line":54,"column":2},"end":{"line":58,"column":3}},{"start":{"line":56,"column":9},"end":{"line":58,"column":3}}],"line":54},"9":{"loc":{"start":{"line":56,"column":9},"end":{"line":58,"column":3}},"type":"if","locations":[{"start":{"line":56,"column":9},"end":{"line":58,"column":3}},{"start":{},"end":{}}],"line":56},"10":{"loc":{"start":{"line":57,"column":11},"end":{"line":57,"column":40}},"type":"binary-expr","locations":[{"start":{"line":57,"column":11},"end":{"line":57,"column":21}},{"start":{"line":57,"column":25},"end":{"line":57,"column":40}}],"line":57},"11":{"loc":{"start":{"line":70,"column":4},"end":{"line":73,"column":61}},"type":"binary-expr","locations":[{"start":{"line":70,"column":4},"end":{"line":70,"column":29}},{"start":{"line":71,"column":4},"end":{"line":71,"column":18}},{"start":{"line":72,"column":5},"end":{"line":72,"column":54}},{"start":{"line":73,"column":6},"end":{"line":73,"column":60}}],"line":70},"12":{"loc":{"start":{"line":93,"column":2},"end":{"line":93,"column":37}},"type":"default-arg","locations":[{"start":{"line":93,"column":35},"end":{"line":93,"column":37}}],"line":93},"13":{"loc":{"start":{"line":93,"column":4},"end":{"line":93,"column":30}},"type":"default-arg","locations":[{"start":{"line":93,"column":25},"end":{"line":93,"column":30}}],"line":93},"14":{"loc":{"start":{"line":97,"column":2},"end":{"line":123,"column":3}},"type":"if","locations":[{"start":{"line":97,"column":2},"end":{"line":123,"column":3}},{"start":{"line":118,"column":9},"end":{"line":123,"column":3}}],"line":97},"15":{"loc":{"start":{"line":98,"column":4},"end":{"line":102,"column":59}},"type":"binary-expr","locations":[{"start":{"line":98,"column":4},"end":{"line":98,"column":9}},{"start":{"line":99,"column":4},"end":{"line":99,"column":29}},{"start":{"line":100,"column":4},"end":{"line":100,"column":25}},{"start":{"line":101,"column":4},"end":{"line":101,"column":52}},{"start":{"line":102,"column":4},"end":{"line":102,"column":59}}],"line":98},"16":{"loc":{"start":{"line":107,"column":4},"end":{"line":117,"column":5}},"type":"if","locations":[{"start":{"line":107,"column":4},"end":{"line":117,"column":5}},{"start":{"line":113,"column":11},"end":{"line":117,"column":5}}],"line":107},"17":{"loc":{"start":{"line":107,"column":8},"end":{"line":107,"column":60}},"type":"binary-expr","locations":[{"start":{"line":107,"column":8},"end":{"line":107,"column":22}},{"start":{"line":107,"column":26},"end":{"line":107,"column":60}}],"line":107},"18":{"loc":{"start":{"line":110,"column":6},"end":{"line":112,"column":7}},"type":"if","locations":[{"start":{"line":110,"column":6},"end":{"line":112,"column":7}},{"start":{},"end":{}}],"line":110},"19":{"loc":{"start":{"line":121,"column":25},"end":{"line":121,"column":95}},"type":"cond-expr","locations":[{"start":{"line":121,"column":63},"end":{"line":121,"column":76}},{"start":{"line":121,"column":79},"end":{"line":121,"column":95}}],"line":121},"20":{"loc":{"start":{"line":125,"column":2},"end":{"line":127,"column":3}},"type":"if","locations":[{"start":{"line":125,"column":2},"end":{"line":127,"column":3}},{"start":{},"end":{}}],"line":125},"21":{"loc":{"start":{"line":126,"column":23},"end":{"line":126,"column":82}},"type":"cond-expr","locations":[{"start":{"line":126,"column":59},"end":{"line":126,"column":70}},{"start":{"line":126,"column":73},"end":{"line":126,"column":82}}],"line":126},"22":{"loc":{"start":{"line":134,"column":9},"end":{"line":134,"column":41}},"type":"binary-expr","locations":[{"start":{"line":134,"column":9},"end":{"line":134,"column":23}},{"start":{"line":134,"column":27},"end":{"line":134,"column":41}}],"line":134},"23":{"loc":{"start":{"line":138,"column":2},"end":{"line":140,"column":3}},"type":"if","locations":[{"start":{"line":138,"column":2},"end":{"line":140,"column":3}},{"start":{},"end":{}}],"line":138},"24":{"loc":{"start":{"line":138,"column":6},"end":{"line":138,"column":65}},"type":"binary-expr","locations":[{"start":{"line":138,"column":6},"end":{"line":138,"column":11}},{"start":{"line":138,"column":15},"end":{"line":138,"column":40}},{"start":{"line":138,"column":44},"end":{"line":138,"column":65}}],"line":138},"25":{"loc":{"start":{"line":150,"column":4},"end":{"line":150,"column":98}},"type":"binary-expr","locations":[{"start":{"line":150,"column":4},"end":{"line":150,"column":27}},{"start":{"line":150,"column":31},"end":{"line":150,"column":43}},{"start":{"line":150,"column":47},"end":{"line":150,"column":58}},{"start":{"line":150,"column":62},"end":{"line":150,"column":98}}],"line":150}},"s":{"0":19,"1":19,"2":11,"3":10,"4":10,"5":10,"6":0,"7":0,"8":1,"9":8,"10":0,"11":8,"12":8,"13":8,"14":0,"15":0,"16":0,"17":14,"18":1,"19":13,"20":4,"21":9,"22":13,"23":10,"24":10,"25":8,"26":8,"27":8,"28":8,"29":8,"30":2,"31":0,"32":0,"33":2,"34":2,"35":2,"36":10,"37":10,"38":10,"39":0,"40":2,"41":2,"42":0,"43":28,"44":12},"f":{"0":11,"1":8,"2":14,"3":13,"4":10,"5":0,"6":2,"7":28,"8":12},"b":{"0":[11],"1":[10,1],"2":[11,10],"3":[10,0],"4":[0,0],"5":[0,8],"6":[8,0],"7":[0,0],"8":[1,13],"9":[4,9],"10":[4,2],"11":[13,11,10,8],"12":[0],"13":[0],"14":[8,2],"15":[10,10,10,10,8],"16":[8,0],"17":[8,8],"18":[2,6],"19":[1,1],"20":[10,0],"21":[7,3],"22":[0,0],"23":[2,0],"24":[2,2,2],"25":[12,12,12,8]},"_coverageSchema":"1a1c01bbd47fc00a2c39e90264f33305004495a9","hash":"fe0006f3731dbed7e712313089e31e6d490d09d1"}
,"/Users/natereiners/coinbase-wallet-sdk/packages/wallet-sdk/src/core/message/ConfigMessage.ts": {"path":"/Users/natereiners/coinbase-wallet-sdk/packages/wallet-sdk/src/core/message/ConfigMessage.ts","statementMap":{},"fnMap":{},"branchMap":{},"s":{},"f":{},"b":{}}
,"/Users/natereiners/coinbase-wallet-sdk/packages/wallet-sdk/src/core/message/Message.ts": {"path":"/Users/natereiners/coinbase-wallet-sdk/packages/wallet-sdk/src/core/message/Message.ts","statementMap":{},"fnMap":{},"branchMap":{},"s":{},"f":{},"b":{}}
,"/Users/natereiners/coinbase-wallet-sdk/packages/wallet-sdk/src/core/message/RPCMessage.ts": {"path":"/Users/natereiners/coinbase-wallet-sdk/packages/wallet-sdk/src/core/message/RPCMessage.ts","statementMap":{},"fnMap":{},"branchMap":{},"s":{},"f":{},"b":{}}
,"/Users/natereiners/coinbase-wallet-sdk/packages/wallet-sdk/src/core/message/RPCRequest.ts": {"path":"/Users/natereiners/coinbase-wallet-sdk/packages/wallet-sdk/src/core/message/RPCRequest.ts","statementMap":{},"fnMap":{},"branchMap":{},"s":{},"f":{},"b":{}}
,"/Users/natereiners/coinbase-wallet-sdk/packages/wallet-sdk/src/core/message/RPCResponse.ts": {"path":"/Users/natereiners/coinbase-wallet-sdk/packages/wallet-sdk/src/core/message/RPCResponse.ts","statementMap":{},"fnMap":{},"branchMap":{},"s":{},"f":{},"b":{}}
,"/Users/natereiners/coinbase-wallet-sdk/packages/wallet-sdk/src/core/message/index.ts": {"path":"/Users/natereiners/coinbase-wallet-sdk/packages/wallet-sdk/src/core/message/index.ts","statementMap":{},"fnMap":{},"branchMap":{},"s":{},"f":{},"b":{}}
,"/Users/natereiners/coinbase-wallet-sdk/packages/wallet-sdk/src/core/provider/interface.ts": {"path":"/Users/natereiners/coinbase-wallet-sdk/packages/wallet-sdk/src/core/provider/interface.ts","statementMap":{},"fnMap":{},"branchMap":{},"s":{},"f":{},"b":{}}
,"/Users/natereiners/coinbase-wallet-sdk/packages/wallet-sdk/src/core/provider/method.ts": {"path":"/Users/natereiners/coinbase-wallet-sdk/packages/wallet-sdk/src/core/provider/method.ts","statementMap":{"0":{"start":{"line":1,"column":16},"end":{"line":30,"column":10}},"1":{"start":{"line":36,"column":2},"end":{"line":41,"column":3}},"2":{"start":{"line":37,"column":21},"end":{"line":37,"column":40}},"3":{"start":{"line":38,"column":4},"end":{"line":40,"column":5}},"4":{"start":{"line":39,"column":6},"end":{"line":39,"column":22}},"5":{"start":{"line":42,"column":2},"end":{"line":42,"column":19}}},"fnMap":{"0":{"name":"determineMethodCategory","decl":{"start":{"line":35,"column":16},"end":{"line":35,"column":39}},"loc":{"start":{"line":35,"column":84},"end":{"line":43,"column":1}},"line":35}},"branchMap":{"0":{"loc":{"start":{"line":38,"column":4},"end":{"line":40,"column":5}},"type":"if","locations":[{"start":{"line":38,"column":4},"end":{"line":40,"column":5}},{"start":{},"end":{}}],"line":38}},"s":{"0":3,"1":18,"2":57,"3":57,"4":15,"5":3},"f":{"0":18},"b":{"0":[15,42]},"_coverageSchema":"1a1c01bbd47fc00a2c39e90264f33305004495a9","hash":"0fb2b56ff8f0941e06ad3833c483d1eb4c083210"}
,"/Users/natereiners/coinbase-wallet-sdk/packages/wallet-sdk/src/core/type/index.ts": {"path":"/Users/natereiners/coinbase-wallet-sdk/packages/wallet-sdk/src/core/type/index.ts","statementMap":{"0":{"start":{"line":10,"column":2},"end":{"line":10,"column":78}},"1":{"start":{"line":10,"column":67},"end":{"line":10,"column":77}},"2":{"start":{"line":14,"column":25},"end":{"line":14,"column":48}},"3":{"start":{"line":17,"column":29},"end":{"line":17,"column":56}},"4":{"start":{"line":20,"column":28},"end":{"line":20,"column":54}},"5":{"start":{"line":24,"column":2},"end":{"line":24,"column":38}},"6":{"start":{"line":28,"column":28},"end":{"line":28,"column":54}}},"fnMap":{"0":{"name":"OpaqueType","decl":{"start":{"line":9,"column":16},"end":{"line":9,"column":26}},"loc":{"start":{"line":9,"column":61},"end":{"line":11,"column":1}},"line":9},"1":{"name":"(anonymous_1)","decl":{"start":{"line":10,"column":9},"end":{"line":10,"column":10}},"loc":{"start":{"line":10,"column":67},"end":{"line":10,"column":77}},"line":10},"2":{"name":"IntNumber","decl":{"start":{"line":23,"column":16},"end":{"line":23,"column":25}},"loc":{"start":{"line":23,"column":50},"end":{"line":25,"column":1}},"line":23}},"branchMap":{},"s":{"0":56,"1":118,"2":14,"3":14,"4":14,"5":42,"6":14},"f":{"0":56,"1":118,"2":42},"b":{},"_coverageSchema":"1a1c01bbd47fc00a2c39e90264f33305004495a9","hash":"325d55a1ef668b0bf01bddc309d61026f8bb8aaa"}
,"/Users/natereiners/coinbase-wallet-sdk/packages/wallet-sdk/src/core/type/util.ts": {"path":"/Users/natereiners/coinbase-wallet-sdk/packages/wallet-sdk/src/core/type/util.ts","statementMap":{"0":{"start":{"line":7,"column":25},"end":{"line":7,"column":35}},"1":{"start":{"line":8,"column":33},"end":{"line":8,"column":46}},"2":{"start":{"line":14,"column":2},"end":{"line":14,"column":73}},"3":{"start":{"line":18,"column":2},"end":{"line":18,"column":73}},"4":{"start":{"line":18,"column":31},"end":{"line":18,"column":62}},"5":{"start":{"line":22,"column":2},"end":{"line":22,"column":87}},"6":{"start":{"line":22,"column":66},"end":{"line":22,"column":84}},"7":{"start":{"line":26,"column":14},"end":{"line":26,"column":33}},"8":{"start":{"line":27,"column":2},"end":{"line":27,"column":53}},"9":{"start":{"line":31,"column":2},"end":{"line":31,"column":39}},"10":{"start":{"line":35,"column":2},"end":{"line":35,"column":73}},"11":{"start":{"line":39,"column":2},"end":{"line":39,"column":52}},"12":{"start":{"line":43,"column":2},"end":{"line":43,"column":54}},"13":{"start":{"line":47,"column":2},"end":{"line":49,"column":3}},"14":{"start":{"line":48,"column":4},"end":{"line":48,"column":24}},"15":{"start":{"line":50,"column":2},"end":{"line":50,"column":13}},"16":{"start":{"line":54,"column":2},"end":{"line":56,"column":3}},"17":{"start":{"line":55,"column":4},"end":{"line":55,"column":31}},"18":{"start":{"line":57,"column":2},"end":{"line":57,"column":20}},"19":{"start":{"line":61,"column":2},"end":{"line":63,"column":3}},"20":{"start":{"line":62,"column":4},"end":{"line":62,"column":17}},"21":{"start":{"line":64,"column":12},"end":{"line":64,"column":38}},"22":{"start":{"line":65,"column":2},"end":{"line":65,"column":42}},"23":{"start":{"line":69,"column":2},"end":{"line":74,"column":3}},"24":{"start":{"line":70,"column":14},"end":{"line":70,"column":40}},"25":{"start":{"line":71,"column":4},"end":{"line":73,"column":5}},"26":{"start":{"line":72,"column":6},"end":{"line":72,"column":53}},"27":{"start":{"line":75,"column":2},"end":{"line":75,"column":89}},"28":{"start":{"line":79,"column":10},"end":{"line":79,"column":37}},"29":{"start":{"line":80,"column":2},"end":{"line":82,"column":3}},"30":{"start":{"line":81,"column":4},"end":{"line":81,"column":27}},"31":{"start":{"line":83,"column":2},"end":{"line":83,"column":49}},"32":{"start":{"line":87,"column":2},"end":{"line":92,"column":3}},"33":{"start":{"line":88,"column":14},"end":{"line":88,"column":40}},"34":{"start":{"line":89,"column":4},"end":{"line":91,"column":5}},"35":{"start":{"line":90,"column":6},"end":{"line":90,"column":41}},"36":{"start":{"line":93,"column":2},"end":{"line":93,"column":85}},"37":{"start":{"line":97,"column":2},"end":{"line":99,"column":3}},"38":{"start":{"line":98,"column":4},"end":{"line":98,"column":15}},"39":{"start":{"line":100,"column":2},"end":{"line":106,"column":3}},"40":{"start":{"line":101,"column":4},"end":{"line":104,"column":5}},"41":{"start":{"line":102,"column":16},"end":{"line":102,"column":53}},"42":{"start":{"line":103,"column":6},"end":{"line":103,"column":35}},"43":{"start":{"line":105,"column":4},"end":{"line":105,"column":36}},"44":{"start":{"line":107,"column":2},"end":{"line":107,"column":76}},"45":{"start":{"line":111,"column":2},"end":{"line":113,"column":3}},"46":{"start":{"line":112,"column":4},"end":{"line":112,"column":26}},"47":{"start":{"line":114,"column":2},"end":{"line":121,"column":3}},"48":{"start":{"line":115,"column":4},"end":{"line":117,"column":5}},"49":{"start":{"line":116,"column":6},"end":{"line":116,"column":36}},"50":{"start":{"line":118,"column":4},"end":{"line":120,"column":5}},"51":{"start":{"line":119,"column":6},"end":{"line":119,"column":77}},"52":{"start":{"line":122,"column":2},"end":{"line":122,"column":75}},"53":{"start":{"line":126,"column":2},"end":{"line":128,"column":3}},"54":{"start":{"line":127,"column":4},"end":{"line":127,"column":43}},"55":{"start":{"line":129,"column":2},"end":{"line":129,"column":76}},"56":{"start":{"line":133,"column":2},"end":{"line":135,"column":3}},"57":{"start":{"line":134,"column":4},"end":{"line":134,"column":45}},"58":{"start":{"line":136,"column":2},"end":{"line":138,"column":3}},"59":{"start":{"line":137,"column":4},"end":{"line":137,"column":40}},"60":{"start":{"line":139,"column":2},"end":{"line":146,"column":3}},"61":{"start":{"line":140,"column":4},"end":{"line":142,"column":5}},"62":{"start":{"line":141,"column":6},"end":{"line":141,"column":25}},"63":{"start":{"line":143,"column":4},"end":{"line":145,"column":5}},"64":{"start":{"line":144,"column":6},"end":{"line":144,"column":58}},"65":{"start":{"line":147,"column":2},"end":{"line":147,"column":75}},"66":{"start":{"line":151,"column":2},"end":{"line":153,"column":3}},"67":{"start":{"line":152,"column":4},"end":{"line":152,"column":32}},"68":{"start":{"line":155,"column":2},"end":{"line":157,"column":3}},"69":{"start":{"line":156,"column":4},"end":{"line":156,"column":20}},"70":{"start":{"line":159,"column":2},"end":{"line":159,"column":91}},"71":{"start":{"line":163,"column":2},"end":{"line":165,"column":3}},"72":{"start":{"line":164,"column":4},"end":{"line":164,"column":17}},"73":{"start":{"line":166,"column":26},"end":{"line":166,"column":36}},"74":{"start":{"line":167,"column":2},"end":{"line":167,"column":92}},"75":{"start":{"line":171,"column":2},"end":{"line":171,"column":67}},"76":{"start":{"line":171,"column":56},"end":{"line":171,"column":65}},"77":{"start":{"line":176,"column":4},"end":{"line":179,"column":55}},"78":{"start":{"line":181,"column":29},"end":{"line":181,"column":46}},"79":{"start":{"line":182,"column":15},"end":{"line":182,"column":50}},"80":{"start":{"line":183,"column":2},"end":{"line":185,"column":3}},"81":{"start":{"line":184,"column":4},"end":{"line":184,"column":16}},"82":{"start":{"line":186,"column":2},"end":{"line":188,"column":3}},"83":{"start":{"line":187,"column":4},"end":{"line":187,"column":16}},"84":{"start":{"line":189,"column":2},"end":{"line":191,"column":3}},"85":{"start":{"line":190,"column":4},"end":{"line":190,"column":27}},"86":{"start":{"line":192,"column":2},"end":{"line":192,"column":39}},"87":{"start":{"line":196,"column":2},"end":{"line":196,"column":92}},"88":{"start":{"line":196,"column":69},"end":{"line":196,"column":90}}},"fnMap":{"0":{"name":"randomBytesHex","decl":{"start":{"line":13,"column":16},"end":{"line":13,"column":30}},"loc":{"start":{"line":13,"column":55},"end":{"line":15,"column":1}},"line":13},"1":{"name":"uint8ArrayToHex","decl":{"start":{"line":17,"column":16},"end":{"line":17,"column":31}},"loc":{"start":{"line":17,"column":51},"end":{"line":19,"column":1}},"line":17},"2":{"name":"(anonymous_2)","decl":{"start":{"line":18,"column":24},"end":{"line":18,"column":25}},"loc":{"start":{"line":18,"column":31},"end":{"line":18,"column":62}},"line":18},"3":{"name":"hexStringToUint8Array","decl":{"start":{"line":21,"column":16},"end":{"line":21,"column":37}},"loc":{"start":{"line":21,"column":69},"end":{"line":23,"column":1}},"line":21},"4":{"name":"(anonymous_4)","decl":{"start":{"line":22,"column":56},"end":{"line":22,"column":57}},"loc":{"start":{"line":22,"column":66},"end":{"line":22,"column":84}},"line":22},"5":{"name":"hexStringFromBuffer","decl":{"start":{"line":25,"column":16},"end":{"line":25,"column":35}},"loc":{"start":{"line":25,"column":83},"end":{"line":28,"column":1}},"line":25},"6":{"name":"bigIntStringFromBigInt","decl":{"start":{"line":30,"column":16},"end":{"line":30,"column":38}},"loc":{"start":{"line":30,"column":65},"end":{"line":32,"column":1}},"line":30},"7":{"name":"intNumberFromHexString","decl":{"start":{"line":34,"column":16},"end":{"line":34,"column":38}},"loc":{"start":{"line":34,"column":66},"end":{"line":36,"column":1}},"line":34},"8":{"name":"hexStringFromIntNumber","decl":{"start":{"line":38,"column":16},"end":{"line":38,"column":38}},"loc":{"start":{"line":38,"column":66},"end":{"line":40,"column":1}},"line":38},"9":{"name":"has0xPrefix","decl":{"start":{"line":42,"column":16},"end":{"line":42,"column":27}},"loc":{"start":{"line":42,"column":50},"end":{"line":44,"column":1}},"line":42},"10":{"name":"strip0x","decl":{"start":{"line":46,"column":16},"end":{"line":46,"column":23}},"loc":{"start":{"line":46,"column":45},"end":{"line":51,"column":1}},"line":46},"11":{"name":"prepend0x","decl":{"start":{"line":53,"column":16},"end":{"line":53,"column":25}},"loc":{"start":{"line":53,"column":47},"end":{"line":58,"column":1}},"line":53},"12":{"name":"isHexString","decl":{"start":{"line":60,"column":16},"end":{"line":60,"column":27}},"loc":{"start":{"line":60,"column":60},"end":{"line":66,"column":1}},"line":60},"13":{"name":"ensureHexString","decl":{"start":{"line":68,"column":16},"end":{"line":68,"column":31}},"loc":{"start":{"line":68,"column":80},"end":{"line":76,"column":1}},"line":68},"14":{"name":"ensureEvenLengthHexString","decl":{"start":{"line":78,"column":16},"end":{"line":78,"column":41}},"loc":{"start":{"line":78,"column":90},"end":{"line":84,"column":1}},"line":78},"15":{"name":"ensureAddressString","decl":{"start":{"line":86,"column":16},"end":{"line":86,"column":35}},"loc":{"start":{"line":86,"column":65},"end":{"line":94,"column":1}},"line":86},"16":{"name":"ensureBuffer","decl":{"start":{"line":96,"column":16},"end":{"line":96,"column":28}},"loc":{"start":{"line":96,"column":51},"end":{"line":108,"column":1}},"line":96},"17":{"name":"ensureIntNumber","decl":{"start":{"line":110,"column":16},"end":{"line":110,"column":31}},"loc":{"start":{"line":110,"column":57},"end":{"line":123,"column":1}},"line":110},"18":{"name":"ensureRegExpString","decl":{"start":{"line":125,"column":16},"end":{"line":125,"column":34}},"loc":{"start":{"line":125,"column":66},"end":{"line":130,"column":1}},"line":125},"19":{"name":"ensureBigInt","decl":{"start":{"line":132,"column":16},"end":{"line":132,"column":28}},"loc":{"start":{"line":132,"column":51},"end":{"line":148,"column":1}},"line":132},"20":{"name":"ensureParsedJSONObject","decl":{"start":{"line":150,"column":16},"end":{"line":150,"column":38}},"loc":{"start":{"line":150,"column":74},"end":{"line":160,"column":1}},"line":150},"21":{"name":"isBigNumber","decl":{"start":{"line":162,"column":16},"end":{"line":162,"column":27}},"loc":{"start":{"line":162,"column":51},"end":{"line":168,"column":1}},"line":162},"22":{"name":"range","decl":{"start":{"line":170,"column":16},"end":{"line":170,"column":21}},"loc":{"start":{"line":170,"column":61},"end":{"line":172,"column":1}},"line":170},"23":{"name":"(anonymous_23)","decl":{"start":{"line":171,"column":46},"end":{"line":171,"column":47}},"loc":{"start":{"line":171,"column":56},"end":{"line":171,"column":65}},"line":171},"24":{"name":"getFavicon","decl":{"start":{"line":174,"column":16},"end":{"line":174,"column":26}},"loc":{"start":{"line":174,"column":44},"end":{"line":193,"column":1}},"line":174},"25":{"name":"areAddressArraysEqual","decl":{"start":{"line":195,"column":16},"end":{"line":195,"column":37}},"loc":{"start":{"line":195,"column":93},"end":{"line":197,"column":1}},"line":195},"26":{"name":"(anonymous_26)","decl":{"start":{"line":196,"column":51},"end":{"line":196,"column":52}},"loc":{"start":{"line":196,"column":69},"end":{"line":196,"column":90}},"line":196}},"branchMap":{"0":{"loc":{"start":{"line":25,"column":49},"end":{"line":25,"column":70}},"type":"default-arg","locations":[{"start":{"line":25,"column":65},"end":{"line":25,"column":70}}],"line":25},"1":{"loc":{"start":{"line":27,"column":19},"end":{"line":27,"column":51}},"type":"cond-expr","locations":[{"start":{"line":27,"column":35},"end":{"line":27,"column":45}},{"start":{"line":27,"column":48},"end":{"line":27,"column":51}}],"line":27},"2":{"loc":{"start":{"line":43,"column":9},"end":{"line":43,"column":53}},"type":"binary-expr","locations":[{"start":{"line":43,"column":9},"end":{"line":43,"column":29}},{"start":{"line":43,"column":33},"end":{"line":43,"column":53}}],"line":43},"3":{"loc":{"start":{"line":47,"column":2},"end":{"line":49,"column":3}},"type":"if","locations":[{"start":{"line":47,"column":2},"end":{"line":49,"column":3}},{"start":{},"end":{}}],"line":47},"4":{"loc":{"start":{"line":54,"column":2},"end":{"line":56,"column":3}},"type":"if","locations":[{"start":{"line":54,"column":2},"end":{"line":56,"column":3}},{"start":{},"end":{}}],"line":54},"5":{"loc":{"start":{"line":61,"column":2},"end":{"line":63,"column":3}},"type":"if","locations":[{"start":{"line":61,"column":2},"end":{"line":63,"column":3}},{"start":{},"end":{}}],"line":61},"6":{"loc":{"start":{"line":68,"column":46},"end":{"line":68,"column":67}},"type":"default-arg","locations":[{"start":{"line":68,"column":62},"end":{"line":68,"column":67}}],"line":68},"7":{"loc":{"start":{"line":69,"column":2},"end":{"line":74,"column":3}},"type":"if","locations":[{"start":{"line":69,"column":2},"end":{"line":74,"column":3}},{"start":{},"end":{}}],"line":69},"8":{"loc":{"start":{"line":71,"column":4},"end":{"line":73,"column":5}},"type":"if","locations":[{"start":{"line":71,"column":4},"end":{"line":73,"column":5}},{"start":{},"end":{}}],"line":71},"9":{"loc":{"start":{"line":72,"column":23},"end":{"line":72,"column":51}},"type":"cond-expr","locations":[{"start":{"line":72,"column":39},"end":{"line":72,"column":47}},{"start":{"line":72,"column":50},"end":{"line":72,"column":51}}],"line":72},"10":{"loc":{"start":{"line":78,"column":56},"end":{"line":78,"column":77}},"type":"default-arg","locations":[{"start":{"line":78,"column":72},"end":{"line":78,"column":77}}],"line":78},"11":{"loc":{"start":{"line":80,"column":2},"end":{"line":82,"column":3}},"type":"if","locations":[{"start":{"line":80,"column":2},"end":{"line":82,"column":3}},{"start":{},"end":{}}],"line":80},"12":{"loc":{"start":{"line":83,"column":9},"end":{"line":83,"column":48}},"type":"cond-expr","locations":[{"start":{"line":83,"column":25},"end":{"line":83,"column":44}},{"start":{"line":83,"column":47},"end":{"line":83,"column":48}}],"line":83},"13":{"loc":{"start":{"line":87,"column":2},"end":{"line":92,"column":3}},"type":"if","locations":[{"start":{"line":87,"column":2},"end":{"line":92,"column":3}},{"start":{},"end":{}}],"line":87},"14":{"loc":{"start":{"line":89,"column":4},"end":{"line":91,"column":5}},"type":"if","locations":[{"start":{"line":89,"column":4},"end":{"line":91,"column":5}},{"start":{},"end":{}}],"line":89},"15":{"loc":{"start":{"line":89,"column":8},"end":{"line":89,"column":41}},"type":"binary-expr","locations":[{"start":{"line":89,"column":8},"end":{"line":89,"column":22}},{"start":{"line":89,"column":26},"end":{"line":89,"column":41}}],"line":89},"16":{"loc":{"start":{"line":97,"column":2},"end":{"line":99,"column":3}},"type":"if","locations":[{"start":{"line":97,"column":2},"end":{"line":99,"column":3}},{"start":{},"end":{}}],"line":97},"17":{"loc":{"start":{"line":100,"column":2},"end":{"line":106,"column":3}},"type":"if","locations":[{"start":{"line":100,"column":2},"end":{"line":106,"column":3}},{"start":{},"end":{}}],"line":100},"18":{"loc":{"start":{"line":101,"column":4},"end":{"line":104,"column":5}},"type":"if","locations":[{"start":{"line":101,"column":4},"end":{"line":104,"column":5}},{"start":{},"end":{}}],"line":101},"19":{"loc":{"start":{"line":111,"column":2},"end":{"line":113,"column":3}},"type":"if","locations":[{"start":{"line":111,"column":2},"end":{"line":113,"column":3}},{"start":{},"end":{}}],"line":111},"20":{"loc":{"start":{"line":111,"column":6},"end":{"line":111,"column":54}},"type":"binary-expr","locations":[{"start":{"line":111,"column":6},"end":{"line":111,"column":29}},{"start":{"line":111,"column":33},"end":{"line":111,"column":54}}],"line":111},"21":{"loc":{"start":{"line":114,"column":2},"end":{"line":121,"column":3}},"type":"if","locations":[{"start":{"line":114,"column":2},"end":{"line":121,"column":3}},{"start":{},"end":{}}],"line":114},"22":{"loc":{"start":{"line":115,"column":4},"end":{"line":117,"column":5}},"type":"if","locations":[{"start":{"line":115,"column":4},"end":{"line":117,"column":5}},{"start":{},"end":{}}],"line":115},"23":{"loc":{"start":{"line":118,"column":4},"end":{"line":120,"column":5}},"type":"if","locations":[{"start":{"line":118,"column":4},"end":{"line":120,"column":5}},{"start":{},"end":{}}],"line":118},"24":{"loc":{"start":{"line":126,"column":2},"end":{"line":128,"column":3}},"type":"if","locations":[{"start":{"line":126,"column":2},"end":{"line":128,"column":3}},{"start":{},"end":{}}],"line":126},"25":{"loc":{"start":{"line":133,"column":2},"end":{"line":135,"column":3}},"type":"if","locations":[{"start":{"line":133,"column":2},"end":{"line":135,"column":3}},{"start":{},"end":{}}],"line":133},"26":{"loc":{"start":{"line":133,"column":6},"end":{"line":133,"column":67}},"type":"binary-expr","locations":[{"start":{"line":133,"column":6},"end":{"line":133,"column":18}},{"start":{"line":133,"column":23},"end":{"line":133,"column":46}},{"start":{"line":133,"column":50},"end":{"line":133,"column":66}}],"line":133},"27":{"loc":{"start":{"line":136,"column":2},"end":{"line":138,"column":3}},"type":"if","locations":[{"start":{"line":136,"column":2},"end":{"line":138,"column":3}},{"start":{},"end":{}}],"line":136},"28":{"loc":{"start":{"line":139,"column":2},"end":{"line":146,"column":3}},"type":"if","locations":[{"start":{"line":139,"column":2},"end":{"line":146,"column":3}},{"start":{},"end":{}}],"line":139},"29":{"loc":{"start":{"line":140,"column":4},"end":{"line":142,"column":5}},"type":"if","locations":[{"start":{"line":140,"column":4},"end":{"line":142,"column":5}},{"start":{},"end":{}}],"line":140},"30":{"loc":{"start":{"line":143,"column":4},"end":{"line":145,"column":5}},"type":"if","locations":[{"start":{"line":143,"column":4},"end":{"line":145,"column":5}},{"start":{},"end":{}}],"line":143},"31":{"loc":{"start":{"line":151,"column":2},"end":{"line":153,"column":3}},"type":"if","locations":[{"start":{"line":151,"column":2},"end":{"line":153,"column":3}},{"start":{},"end":{}}],"line":151},"32":{"loc":{"start":{"line":155,"column":2},"end":{"line":157,"column":3}},"type":"if","locations":[{"start":{"line":155,"column":2},"end":{"line":157,"column":3}},{"start":{},"end":{}}],"line":155},"33":{"loc":{"start":{"line":163,"column":2},"end":{"line":165,"column":3}},"type":"if","locations":[{"start":{"line":163,"column":2},"end":{"line":165,"column":3}},{"start":{},"end":{}}],"line":163},"34":{"loc":{"start":{"line":163,"column":6},"end":{"line":163,"column":67}},"type":"binary-expr","locations":[{"start":{"line":163,"column":6},"end":{"line":163,"column":17}},{"start":{"line":163,"column":21},"end":{"line":163,"column":67}}],"line":163},"35":{"loc":{"start":{"line":167,"column":9},"end":{"line":167,"column":91}},"type":"binary-expr","locations":[{"start":{"line":167,"column":9},"end":{"line":167,"column":49}},{"start":{"line":167,"column":53},"end":{"line":167,"column":91}}],"line":167},"36":{"loc":{"start":{"line":176,"column":4},"end":{"line":179,"column":55}},"type":"binary-expr","locations":[{"start":{"line":176,"column":4},"end":{"line":176,"column":51}},{"start":{"line":177,"column":4},"end":{"line":177,"column":51}},{"start":{"line":178,"column":4},"end":{"line":178,"column":46}},{"start":{"line":179,"column":4},"end":{"line":179,"column":55}}],"line":176},"37":{"loc":{"start":{"line":1
[...]
":701,"column":25},"end":{"line":701,"column":27}}],"line":701},"71":{"loc":{"start":{"line":702,"column":6},"end":{"line":702,"column":37}},"type":"binary-expr","locations":[{"start":{"line":702,"column":6},"end":{"line":702,"column":31}},{"start":{"line":702,"column":35},"end":{"line":702,"column":37}}],"line":702},"72":{"loc":{"start":{"line":704,"column":6},"end":{"line":704,"column":28}},"type":"binary-expr","locations":[{"start":{"line":704,"column":6},"end":{"line":704,"column":22}},{"start":{"line":704,"column":26},"end":{"line":704,"column":28}}],"line":704},"73":{"loc":{"start":{"line":707,"column":4},"end":{"line":709,"column":5}},"type":"if","locations":[{"start":{"line":707,"column":4},"end":{"line":709,"column":5}},{"start":{},"end":{}}],"line":707},"74":{"loc":{"start":{"line":724,"column":21},"end":{"line":724,"column":63}},"type":"cond-expr","locations":[{"start":{"line":724,"column":45},"end":{"line":724,"column":54}},{"start":{"line":724,"column":57},"end":{"line":724,"column":63}}],"line":724},"75":{"loc":{"start":{"line":725,"column":4},"end":{"line":727,"column":5}},"type":"if","locations":[{"start":{"line":725,"column":4},"end":{"line":727,"column":5}},{"start":{},"end":{}}],"line":725},"76":{"loc":{"start":{"line":729,"column":4},"end":{"line":731,"column":5}},"type":"if","locations":[{"start":{"line":729,"column":4},"end":{"line":731,"column":5}},{"start":{},"end":{}}],"line":729},"77":{"loc":{"start":{"line":733,"column":4},"end":{"line":735,"column":5}},"type":"if","locations":[{"start":{"line":733,"column":4},"end":{"line":735,"column":5}},{"start":{},"end":{}}],"line":733},"78":{"loc":{"start":{"line":737,"column":4},"end":{"line":739,"column":5}},"type":"if","locations":[{"start":{"line":737,"column":4},"end":{"line":739,"column":5}},{"start":{},"end":{}}],"line":737},"79":{"loc":{"start":{"line":750,"column":4},"end":{"line":765,"column":5}},"type":"if","locations":[{"start":{"line":750,"column":4},"end":{"line":765,"column":5}},{"start":{},"end":{}}],"line":750}},"s":{"0":4,"1":4,"2":38,"3":38,"4":38,"5":38,"6":38,"7":38,"8":38,"9":38,"10":38,"11":38,"12":38,"13":38,"14":32,"15":32,"16":32,"17":32,"18":38,"19":38,"20":0,"21":38,"22":1,"23":1,"24":1,"25":1,"26":0,"27":3,"28":0,"29":2,"30":2,"31":2,"32":2,"33":2,"34":2,"35":2,"36":2,"37":1,"38":1,"39":1,"40":0,"41":1,"42":1,"43":0,"44":1,"45":1,"46":0,"47":1,"48":1,"49":0,"50":1,"51":1,"52":1,"53":2,"54":2,"55":1,"56":0,"57":0,"58":0,"59":0,"60":0,"61":1,"62":1,"63":1,"64":1,"65":1,"66":1,"67":36,"68":36,"69":11,"70":0,"71":36,"72":0,"73":36,"74":36,"75":0,"76":36,"77":0,"78":36,"79":36,"80":36,"81":24,"82":3,"83":0,"84":3,"85":3,"86":3,"87":0,"88":3,"89":3,"90":3,"91":36,"92":36,"93":36,"94":36,"95":4,"96":0,"97":32,"98":20,"99":11,"100":36,"101":36,"102":1,"103":1,"104":1,"105":1,"106":32,"107":32,"108":32,"109":32,"110":7,"111":3,"112":1,"113":2,"114":1,"115":1,"116":1,"117":1,"118":0,"119":1,"120":1,"121":2,"122":4,"123":2,"124":5,"125":0,"126":10,"127":10,"128":10,"129":10,"130":10,"131":0,"132":10,"133":0,"134":2,"135":2,"136":0,"137":2,"138":2,"139":2,"140":2,"141":2,"142":2,"143":2,"144":2,"145":2,"146":2,"147":2,"148":18,"149":10,"150":0,"151":1,"152":5,"153":5,"154":5,"155":5,"156":5,"157":0,"158":5,"159":0,"160":0,"161":0,"162":2,"163":2,"164":2,"165":0,"166":2,"167":1,"168":1,"169":1,"170":1,"171":9,"172":9,"173":9,"174":0,"175":0,"176":7,"177":3,"178":4,"179":4,"180":4,"181":3,"182":0,"183":0,"184":0,"185":0,"186":3,"187":0,"188":3,"189":3,"190":3,"191":3,"192":2,"193":1,"194":1,"195":1,"196":1,"197":2,"198":2,"199":2,"200":1,"201":1,"202":1,"203":1,"204":1,"205":1,"206":1,"207":1,"208":1,"209":1,"210":0,"211":1,"212":0,"213":0,"214":0,"215":1,"216":1,"217":1,"218":1,"219":0,"220":1,"221":1,"222":1,"223":1,"224":1,"225":1,"226":1,"227":0,"228":1,"229":0,"230":0,"231":0,"232":0,"233":0,"234":0,"235":0,"236":0,"237":0,"238":0,"239":1,"240":1,"241":1,"242":1,"243":1,"244":1,"245":1,"246":2,"247":2,"248":2,"249":2,"250":2,"251":2,"252":2,"253":4,"254":4,"255":1,"256":3,"257":1,"258":2,"259":1,"260":1,"261":1,"262":1,"263":1,"264":0,"265":2,"266":2,"267":1,"268":5,"269":5,"270":1,"271":4,"272":1,"273":3,"274":1,"275":2,"276":1,"277":1,"278":1,"279":1,"280":1,"281":57,"282":38,"283":38,"284":38,"285":38,"286":0,"287":38,"288":0,"289":38,"290":57},"f":{"0":38,"1":32,"2":1,"3":1,"4":3,"5":0,"6":2,"7":2,"8":1,"9":1,"10":2,"11":1,"12":36,"13":11,"14":36,"15":3,"16":3,"17":36,"18":36,"19":20,"20":11,"21":36,"22":32,"23":10,"24":10,"25":10,"26":2,"27":18,"28":10,"29":1,"30":5,"31":2,"32":1,"33":1,"34":1,"35":1,"36":9,"37":7,"38":3,"39":1,"40":2,"41":1,"42":1,"43":1,"44":1,"45":0,"46":1,"47":2,"48":4,"49":2,"50":5,"51":57,"52":0,"53":0},"b":{"0":[32,6],"1":[32,0],"2":[0,38],"3":[3,0],"4":[0,0],"5":[2,0],"6":[2,0],"7":[0,1],"8":[0,1],"9":[0,1],"10":[0,1],"11":[1,0],"12":[2,0],"13":[0,1],"14":[0,0],"15":[0,0],"16":[1,0],"17":[1,1],"18":[1,0],"19":[0,36],"20":[36,36,36],"21":[0,36],"22":[36,36],"23":[0,36],"24":[36,25,0,0],"25":[11,25],"26":[0,3],"27":[0,3],"28":[4,32],"29":[20,20],"30":[1,1,1,1,32],"31":[32,0],"32":[7,3,1,2,1,1,1,1,0,1,1,1,2,4,2,5,0],"33":[0,10],"34":[2,0],"35":[0,2],"36":[2,0],"37":[2,0],"38":[2,0],"39":[2,0],"40":[2,0],"41":[2,0],"42":[2,0],"43":[2,0],"44":[0,2],"45":[0,10],"46":[0,5],"47":[0,0],"48":[0,0],"49":[0,2],"50":[1,0],"51":[9,0],"52":[3,4],"53":[0,3],"54":[0,0],"55":[0,0],"56":[0,3],"57":[1,0],"58":[0,1],"59":[0,0],"60":[0,0],"61":[0,1],"62":[1,0],"63":[0,1],"64":[0,0],"65":[0,0],"66":[1,3],"67":[1,2],"68":[3,2],"69":[1,1],"70":[1,0],"71":[1,0],"72":[1,0],"73":[1,0],"74":[5,0],"75":[1,4],"76":[1,3],"77":[1,2],"78":[1,1],"79":[38,19]},"_coverageSchema":"1a1c01bbd47fc00a2c39e90264f33305004495a9","hash":"5b5494f5401c0a18030462621ea74e6c5b0954bf"}
,"/Users/natereiners/coinbase-wallet-sdk/packages/wallet-sdk/src/util/ScopedLocalStorage.ts": {"path":"/Users/natereiners/coinbase-wallet-sdk/packages/wallet-sdk/src/util/ScopedLocalStorage.ts","statementMap":{"0":{"start":{"line":10,"column":4},"end":{"line":10,"column":53}},"1":{"start":{"line":14,"column":4},"end":{"line":14,"column":53}},"2":{"start":{"line":18,"column":4},"end":{"line":18,"column":49}},"3":{"start":{"line":22,"column":19},"end":{"line":22,"column":37}},"4":{"start":{"line":23,"column":35},"end":{"line":23,"column":37}},"5":{"start":{"line":24,"column":4},"end":{"line":29,"column":5}},"6":{"start":{"line":24,"column":17},"end":{"line":24,"column":18}},"7":{"start":{"line":25,"column":18},"end":{"line":25,"column":37}},"8":{"start":{"line":26,"column":6},"end":{"line":28,"column":7}},"9":{"start":{"line":27,"column":8},"end":{"line":27,"column":31}},"10":{"start":{"line":30,"column":4},"end":{"line":30,"column":64}},"11":{"start":{"line":30,"column":34},"end":{"line":30,"column":62}},"12":{"start":{"line":34,"column":4},"end":{"line":34,"column":74}},"13":{"start":{"line":38,"column":4},"end":{"line":38,"column":45}},"14":{"start":{"line":39,"column":4},"end":{"line":39,"column":49}}},"fnMap":{"0":{"name":"(anonymous_0)","decl":{"start":{"line":4,"column":2},"end":{"line":4,"column":3}},"loc":{"start":{"line":7,"column":4},"end":{"line":7,"column":6}},"line":7},"1":{"name":"(anonymous_1)","decl":{"start":{"line":9,"column":2},"end":{"line":9,"column":3}},"loc":{"start":{"line":9,"column":51},"end":{"line":11,"column":3}},"line":9},"2":{"name":"(anonymous_2)","decl":{"start":{"line":13,"column":2},"end":{"line":13,"column":3}},"loc":{"start":{"line":13,"column":45},"end":{"line":15,"column":3}},"line":13},"3":{"name":"(anonymous_3)","decl":{"start":{"line":17,"column":2},"end":{"line":17,"column":3}},"loc":{"start":{"line":17,"column":39},"end":{"line":19,"column":3}},"line":17},"4":{"name":"(anonymous_4)","decl":{"start":{"line":21,"column":2},"end":{"line":21,"column":3}},"loc":{"start":{"line":21,"column":23},"end":{"line":31,"column":3}},"line":21},"5":{"name":"(anonymous_5)","decl":{"start":{"line":30,"column":25},"end":{"line":30,"column":26}},"loc":{"start":{"line":30,"column":34},"end":{"line":30,"column":62}},"line":30},"6":{"name":"(anonymous_6)","decl":{"start":{"line":33,"column":2},"end":{"line":33,"column":3}},"loc":{"start":{"line":33,"column":33},"end":{"line":35,"column":3}},"line":33},"7":{"name":"(anonymous_7)","decl":{"start":{"line":37,"column":2},"end":{"line":37,"column":3}},"loc":{"start":{"line":37,"column":20},"end":{"line":40,"column":3}},"line":37}},"branchMap":{"0":{"loc":{"start":{"line":26,"column":6},"end":{"line":28,"column":7}},"type":"if","locations":[{"start":{"line":26,"column":6},"end":{"line":28,"column":7}},{"start":{},"end":{}}],"line":26},"1":{"loc":{"start":{"line":26,"column":10},"end":{"line":26,"column":59}},"type":"binary-expr","locations":[{"start":{"line":26,"column":10},"end":{"line":26,"column":33}},{"start":{"line":26,"column":37},"end":{"line":26,"column":59}}],"line":26},"2":{"loc":{"start":{"line":34,"column":28},"end":{"line":34,"column":64}},"type":"cond-expr","locations":[{"start":{"line":34,"column":42},"end":{"line":34,"column":59}},{"start":{"line":34,"column":62},"end":{"line":34,"column":64}}],"line":34}},"s":{"0":80,"1":222,"2":7,"3":51,"4":51,"5":51,"6":51,"7":54,"8":54,"9":54,"10":51,"11":54,"12":360,"13":1,"14":1},"f":{"0":79,"1":80,"2":222,"3":7,"4":51,"5":54,"6":360,"7":1},"b":{"0":[54,0],"1":[54,54],"2":[355,5]},"_coverageSchema":"1a1c01bbd47fc00a2c39e90264f33305004495a9","hash":"49e38554e017a648081512a1559ad594c3185397"}
,"/Users/natereiners/coinbase-wallet-sdk/packages/wallet-sdk/src/util/cipher.ts": {"path":"/Users/natereiners/coinbase-wallet-sdk/packages/wallet-sdk/src/util/cipher.ts","statementMap":{"0":{"start":{"line":5,"column":2},"end":{"line":12,"column":4}},"1":{"start":{"line":19,"column":2},"end":{"line":31,"column":4}},"2":{"start":{"line":35,"column":13},"end":{"line":35,"column":55}},"3":{"start":{"line":36,"column":21},"end":{"line":43,"column":3}},"4":{"start":{"line":45,"column":2},"end":{"line":45,"column":28}},"5":{"start":{"line":52,"column":20},"end":{"line":59,"column":3}},"6":{"start":{"line":61,"column":2},"end":{"line":61,"column":45}},"7":{"start":{"line":65,"column":2},"end":{"line":70,"column":3}},"8":{"start":{"line":67,"column":6},"end":{"line":67,"column":20}},"9":{"start":{"line":69,"column":6},"end":{"line":69,"column":21}},"10":{"start":{"line":77,"column":17},"end":{"line":77,"column":32}},"11":{"start":{"line":78,"column":19},"end":{"line":78,"column":61}},"12":{"start":{"line":79,"column":2},"end":{"line":79,"column":51}},"13":{"start":{"line":86,"column":17},"end":{"line":86,"column":32}},"14":{"start":{"line":87,"column":22},"end":{"line":87,"column":61}},"15":{"start":{"line":88,"column":2},"end":{"line":97,"column":4}},"16":{"start":{"line":104,"column":21},"end":{"line":112,"column":4}},"17":{"start":{"line":105,"column":4},"end":{"line":105,"column":48}},"18":{"start":{"line":105,"column":35},"end":{"line":105,"column":48}},"19":{"start":{"line":107,"column":18},"end":{"line":107,"column":53}},"20":{"start":{"line":108,"column":4},"end":{"line":111,"column":6}},"21":{"start":{"line":113,"column":2},"end":{"line":113,"column":43}},"22":{"start":{"line":120,"column":2},"end":{"line":120,"column":64}}},"fnMap":{"0":{"name":"generateKeyPair","decl":{"start":{"line":4,"column":22},"end":{"line":4,"column":37}},"loc":{"start":{"line":4,"column":64},"end":{"line":13,"column":1}},"line":4},"1":{"name":"deriveSharedSecret","decl":{"start":{"line":15,"column":22},"end":{"line":15,"column":40}},"loc":{"start":{"line":18,"column":22},"end":{"line":32,"column":1}},"line":18},"2":{"name":"encrypt","decl":{"start":{"line":34,"column":22},"end":{"line":34,"column":29}},"loc":{"start":{"line":34,"column":98},"end":{"line":46,"column":1}},"line":34},"3":{"name":"decrypt","decl":{"start":{"line":48,"column":22},"end":{"line":48,"column":29}},"loc":{"start":{"line":51,"column":19},"end":{"line":62,"column":1}},"line":51},"4":{"name":"getFormat","decl":{"start":{"line":64,"column":9},"end":{"line":64,"column":18}},"loc":{"start":{"line":64,"column":50},"end":{"line":71,"column":1}},"line":64},"5":{"name":"exportKeyToHexString","decl":{"start":{"line":73,"column":22},"end":{"line":73,"column":42}},"loc":{"start":{"line":76,"column":19},"end":{"line":80,"column":1}},"line":76},"6":{"name":"importKeyFromHexString","decl":{"start":{"line":82,"column":22},"end":{"line":82,"column":44}},"loc":{"start":{"line":85,"column":22},"end":{"line":98,"column":1}},"line":85},"7":{"name":"encryptContent","decl":{"start":{"line":100,"column":22},"end":{"line":100,"column":36}},"loc":{"start":{"line":103,"column":26},"end":{"line":114,"column":1}},"line":103},"8":{"name":"(anonymous_8)","decl":{"start":{"line":104,"column":45},"end":{"line":104,"column":46}},"loc":{"start":{"line":104,"column":59},"end":{"line":112,"column":3}},"line":104},"9":{"name":"decryptContent","decl":{"start":{"line":116,"column":22},"end":{"line":116,"column":36}},"loc":{"start":{"line":119,"column":14},"end":{"line":121,"column":1}},"line":119}},"branchMap":{"0":{"loc":{"start":{"line":65,"column":2},"end":{"line":70,"column":3}},"type":"switch","locations":[{"start":{"line":66,"column":4},"end":{"line":67,"column":20}},{"start":{"line":68,"column":4},"end":{"line":69,"column":21}}],"line":65},"1":{"loc":{"start":{"line":96,"column":4},"end":{"line":96,"column":43}},"type":"cond-expr","locations":[{"start":{"line":96,"column":25},"end":{"line":96,"column":38}},{"start":{"line":96,"column":41},"end":{"line":96,"column":43}}],"line":96},"2":{"loc":{"start":{"line":105,"column":4},"end":{"line":105,"column":48}},"type":"if","locations":[{"start":{"line":105,"column":4},"end":{"line":105,"column":48}},{"start":{},"end":{}}],"line":105},"3":{"loc":{"start":{"line":109,"column":10},"end":{"line":109,"column":48}},"type":"cond-expr","locations":[{"start":{"line":109,"column":23},"end":{"line":109,"column":43}},{"start":{"line":109,"column":46},"end":{"line":109,"column":48}}],"line":109}},"s":{"0":15,"1":11,"2":2,"3":2,"4":2,"5":2,"6":1,"7":32,"8":19,"9":13,"10":10,"11":10,"12":10,"13":22,"14":22,"15":22,"16":0,"17":0,"18":0,"19":0,"20":0,"21":0,"22":0},"f":{"0":15,"1":11,"2":2,"3":2,"4":32,"5":10,"6":22,"7":0,"8":0,"9":0},"b":{"0":[19,13],"1":[10,12],"2":[0,0],"3":[0,0]},"_coverageSchema":"1a1c01bbd47fc00a2c39e90264f33305004495a9","hash":"7ff209a582bf3d4551a53e4d812f508dbea02308"}
,"/Users/natereiners/coinbase-wallet-sdk/packages/wallet-sdk/src/util/provider.ts": {"path":"/Users/natereiners/coinbase-wallet-sdk/packages/wallet-sdk/src/util/provider.ts","statementMap":{"0":{"start":{"line":7,"column":2},"end":{"line":7,"column":84}},"1":{"start":{"line":7,"column":22},"end":{"line":7,"column":84}},"2":{"start":{"line":9,"column":22},"end":{"line":13,"column":3}},"3":{"start":{"line":14,"column":14},"end":{"line":19,"column":4}},"4":{"start":{"line":20,"column":19},"end":{"line":20,"column":35}},"5":{"start":{"line":21,"column":2},"end":{"line":21,"column":25}},"6":{"start":{"line":31,"column":2},"end":{"line":36,"column":3}},"7":{"start":{"line":32,"column":4},"end":{"line":35,"column":7}},"8":{"start":{"line":38,"column":29},"end":{"line":38,"column":53}},"9":{"start":{"line":40,"column":2},"end":{"line":45,"column":3}},"10":{"start":{"line":41,"column":4},"end":{"line":44,"column":7}},"11":{"start":{"line":47,"column":2},"end":{"line":56,"column":3}},"12":{"start":{"line":52,"column":4},"end":{"line":55,"column":7}}},"fnMap":{"0":{"name":"fetchRPCRequest","decl":{"start":{"line":6,"column":22},"end":{"line":6,"column":37}},"loc":{"start":{"line":6,"column":80},"end":{"line":22,"column":1}},"line":6},"1":{"name":"checkErrorForInvalidRequestArgs","decl":{"start":{"line":30,"column":16},"end":{"line":30,"column":47}},"loc":{"start":{"line":30,"column":63},"end":{"line":57,"column":1}},"line":30}},"branchMap":{"0":{"loc":{"start":{"line":7,"column":2},"end":{"line":7,"column":84}},"type":"if","locations":[{"start":{"line":7,"column":2},"end":{"line":7,"column":84}},{"start":{},"end":{}}],"line":7},"1":{"loc":{"start":{"line":31,"column":2},"end":{"line":36,"column":3}},"type":"if","locations":[{"start":{"line":31,"column":2},"end":{"line":36,"column":3}},{"start":{},"end":{}}],"line":31},"2":{"loc":{"start":{"line":31,"column":6},"end":{"line":31,"column":62}},"type":"binary-expr","locations":[{"start":{"line":31,"column":6},"end":{"line":31,"column":11}},{"start":{"line":31,"column":15},"end":{"line":31,"column":39}},{"start":{"line":31,"column":43},"end":{"line":31,"column":62}}],"line":31},"3":{"loc":{"start":{"line":40,"column":2},"end":{"line":45,"column":3}},"type":"if","locations":[{"start":{"line":40,"column":2},"end":{"line":45,"column":3}},{"start":{},"end":{}}],"line":40},"4":{"loc":{"start":{"line":40,"column":6},"end":{"line":40,"column":55}},"type":"binary-expr","locations":[{"start":{"line":40,"column":6},"end":{"line":40,"column":32}},{"start":{"line":40,"column":36},"end":{"line":40,"column":55}}],"line":40},"5":{"loc":{"start":{"line":47,"column":2},"end":{"line":56,"column":3}},"type":"if","locations":[{"start":{"line":47,"column":2},"end":{"line":56,"column":3}},{"start":{},"end":{}}],"line":47},"6":{"loc":{"start":{"line":48,"column":4},"end":{"line":50,"column":51}},"type":"binary-expr","locations":[{"start":{"line":48,"column":4},"end":{"line":48,"column":24}},{"start":{"line":49,"column":4},"end":{"line":49,"column":26}},{"start":{"line":50,"column":5},"end":{"line":50,"column":31}},{"start":{"line":50,"column":35},"end":{"line":50,"column":50}}],"line":48}},"s":{"0":0,"1":0,"2":0,"3":0,"4":0,"5":0,"6":21,"7":2,"8":19,"9":19,"10":4,"11":15,"12":3},"f":{"0":0,"1":21},"b":{"0":[0,0],"1":[2,19],"2":[21,21,20],"3":[4,15],"4":[19,16],"5":[3,12],"6":[15,8,5,3]},"_coverageSchema":"1a1c01bbd47fc00a2c39e90264f33305004495a9","hash":"3cbe864558c5dbf7b72eefddd58ffced038941f2"}
,"/Users/natereiners/coinbase-wallet-sdk/packages/wallet-sdk/src/util/web.ts": {"path":"/Users/natereiners/coinbase-wallet-sdk/packages/wallet-sdk/src/util/web.ts","statementMap":{"0":{"start":{"line":3,"column":20},"end":{"line":3,"column":23}},"1":{"start":{"line":4,"column":21},"end":{"line":4,"column":24}},"2":{"start":{"line":9,"column":15},"end":{"line":9,"column":69}},"3":{"start":{"line":10,"column":14},"end":{"line":10,"column":70}},"4":{"start":{"line":12,"column":16},"end":{"line":16,"column":3}},"5":{"start":{"line":17,"column":2},"end":{"line":17,"column":17}},"6":{"start":{"line":18,"column":2},"end":{"line":20,"column":3}},"7":{"start":{"line":19,"column":4},"end":{"line":19,"column":70}},"8":{"start":{"line":21,"column":2},"end":{"line":21,"column":15}},"9":{"start":{"line":25,"column":2},"end":{"line":27,"column":3}},"10":{"start":{"line":26,"column":4},"end":{"line":26,"column":18}}},"fnMap":{"0":{"name":"openPopup","decl":{"start":{"line":8,"column":16},"end":{"line":8,"column":25}},"loc":{"start":{"line":8,"column":44},"end":{"line":22,"column":1}},"line":8},"1":{"name":"closePopup","decl":{"start":{"line":24,"column":16},"end":{"line":24,"column":26}},"loc":{"start":{"line":24,"column":49},"end":{"line":28,"column":1}},"line":24}},"branchMap":{"0":{"loc":{"start":{"line":18,"column":2},"end":{"line":20,"column":3}},"type":"if","locations":[{"start":{"line":18,"column":2},"end":{"line":20,"column":3}},{"start":{},"end":{}}],"line":18},"1":{"loc":{"start":{"line":25,"column":2},"end":{"line":27,"column":3}},"type":"if","locations":[{"start":{"line":25,"column":2},"end":{"line":27,"column":3}},{"start":{},"end":{}}],"line":25},"2":{"loc":{"start":{"line":25,"column":6},"end":{"line":25,"column":28}},"type":"binary-expr","locations":[{"start":{"line":25,"column":6},"end":{"line":25,"column":11}},{"start":{"line":25,"column":15},"end":{"line":25,"column":28}}],"line":25}},"s":{"0":4,"1":4,"2":2,"3":2,"4":2,"5":2,"6":2,"7":1,"8":1,"9":1,"10":1},"f":{"0":2,"1":1},"b":{"0":[1,1],"1":[1,0],"2":[1,1]},"_coverageSchema":"1a1c01bbd47fc00a2c39e90264f33305004495a9","hash":"90464cc91d54d7deb581de258989963f4382ad61"}
}
