TN:
SF:src/CoinbaseWalletProvider.ts
FN:31,(anonymous_0)
FN:44,(anonymous_1)
FN:48,(anonymous_2)
FN:62,(anonymous_3)
FN:79,(anonymous_4)
FN:88,(anonymous_5)
FN:90,(anonymous_6)
FN:91,(anonymous_7)
FN:111,(anonymous_8)
FN:115,(anonymous_9)
FN:120,(anonymous_10)
FN:126,(anonymous_11)
FN:135,(anonymous_12)
FN:146,(anonymous_13)
FN:151,(anonymous_14)
FN:158,(anonymous_15)
FN:166,(anonymous_16)
FNF:17
FNH:10
FNDA:8,(anonymous_0)
FNDA:5,(anonymous_1)
FNDA:7,(anonymous_2)
FNDA:3,(anonymous_3)
FNDA:2,(anonymous_4)
FNDA:0,(anonymous_5)
FNDA:1,(anonymous_6)
FNDA:0,(anonymous_7)
FNDA:0,(anonymous_8)
FNDA:0,(anonymous_9)
FNDA:1,(anonymous_10)
FNDA:0,(anonymous_11)
FNDA:1,(anonymous_12)
FNDA:0,(anonymous_13)
FNDA:0,(anonymous_14)
FNDA:3,(anonymous_15)
FNDA:6,(anonymous_16)
DA:28,8
DA:32,8
DA:33,8
DA:34,8
DA:35,8
DA:36,8
DA:40,8
DA:41,8
DA:45,5
DA:49,7
DA:50,7
DA:52,6
DA:53,6
DA:55,1
DA:56,1
DA:60,8
DA:63,3
DA:64,0
DA:65,0
DA:68,3
DA:69,2
DA:70,2
DA:72,1
DA:73,1
DA:75,1
DA:76,1
DA:80,2
DA:81,1
DA:85,1
DA:88,0
DA:91,1
DA:92,0
DA:93,0
DA:97,1
DA:99,1
DA:101,0
DA:103,0
DA:105,0
DA:107,0
DA:112,0
DA:116,0
DA:121,1
DA:122,1
DA:127,0
DA:130,0
DA:136,1
DA:137,1
DA:138,1
DA:139,1
DA:140,1
DA:143,8
DA:145,8
DA:147,0
DA:148,0
DA:149,0
DA:152,0
DA:153,0
DA:154,0
DA:159,3
DA:167,6
LF:60
LH:41
BRDA:37,0,0,8
BRDA:37,0,1,0
BRDA:41,1,0,4
BRDA:41,1,1,4
BRDA:52,2,0,6
BRDA:52,2,1,0
BRDA:63,3,0,0
BRDA:63,3,1,3
BRDA:80,4,0,1
BRDA:80,4,1,1
BRDA:80,5,0,2
BRDA:80,5,1,1
BRDA:92,6,0,0
BRDA:92,6,1,0
BRDA:97,7,0,1
BRDA:97,7,1,0
BRDA:97,7,2,0
BRDA:97,7,3,0
BRDA:97,7,4,0
BRDA:122,8,0,0
BRDA:122,8,1,1
BRDA:147,9,0,0
BRDA:147,9,1,0
BRDA:152,10,0,0
BRDA:152,10,1,0
BRDA:152,11,0,0
BRDA:152,11,1,0
BRF:27
BRH:11
end_of_record
TN:
SF:src/CoinbaseWalletSDK.ts
FN:21,(anonymous_0)
FN:30,(anonymous_1)
FN:45,(anonymous_2)
FN:49,(anonymous_3)
FNF:4
FNH:3
FNDA:3,(anonymous_0)
FNDA:3,(anonymous_1)
FNDA:0,(anonymous_2)
FNDA:3,(anonymous_3)
DA:22,3
DA:27,3
DA:31,3
DA:32,3
DA:33,3
DA:34,1
DA:36,2
DA:46,0
DA:50,3
DA:51,3
LF:10
LH:9
BRDA:23,0,0,3
BRDA:23,0,1,1
BRDA:24,1,0,3
BRDA:24,1,1,1
BRDA:25,2,0,3
BRDA:25,2,1,3
BRDA:30,3,0,3
BRDA:32,4,0,3
BRDA:32,4,1,2
BRDA:33,5,0,1
BRDA:33,5,1,2
BRDA:45,6,0,0
BRF:12
BRH:11
end_of_record
TN:
SF:src/index.ts
FNF:0
FNH:0
LF:0
LH:0
BRF:0
BRH:0
end_of_record
TN:
SF:src/version.ts
FNF:0
FNH:0
DA:1,8
LF:1
LH:1
BRF:0
BRH:0
end_of_record
TN:
SF:src/core/constants.ts
FNF:0
FNH:0
DA:1,6
DA:2,6
DA:3,6
LF:3
LH:3
BRF:0
BRH:0
end_of_record
TN:
SF:src/core/communicator/Communicator.ts
FN:21,(anonymous_0)
FN:28,(anonymous_1)
FN:36,(anonymous_2)
FN:39,(anonymous_3)
FN:47,(anonymous_4)
FN:48,(anonymous_5)
FN:49,(anonymous_6)
FN:68,(anonymous_7)
FN:73,(anonymous_8)
FN:83,(anonymous_9)
FN:92,(anonymous_10)
FN:94,(anonymous_11)
FN:96,(anonymous_12)
FN:97,(anonymous_13)
FN:103,(anonymous_14)
FNF:15
FNH:12
FNDA:15,(anonymous_0)
FNDA:7,(anonymous_1)
FNDA:2,(anonymous_2)
FNDA:2,(anonymous_3)
FNDA:14,(anonymous_4)
FNDA:14,(anonymous_5)
FNDA:24,(anonymous_6)
FNDA:0,(anonymous_7)
FNDA:0,(anonymous_8)
FNDA:10,(anonymous_9)
FNDA:16,(anonymous_10)
FNDA:0,(anonymous_11)
FNDA:5,(anonymous_12)
FNDA:5,(anonymous_13)
FNDA:5,(anonymous_14)
DA:18,15
DA:19,15
DA:22,15
DA:28,15
DA:29,7
DA:30,6
DA:36,15
DA:39,2
DA:40,2
DA:41,2
DA:47,15
DA:48,14
DA:49,14
DA:50,24
DA:52,24
DA:53,24
DA:54,7
DA:55,7
DA:56,7
DA:60,14
DA:61,14
DA:68,15
DA:70,0
DA:71,0
DA:73,0
DA:74,0
DA:75,0
DA:77,0
DA:83,15
DA:84,10
DA:86,4
DA:87,4
DA:90,6
DA:92,16
DA:96,6
DA:98,5
DA:104,5
DA:105,5
LF:38
LH:32
BRDA:21,0,0,15
BRDA:50,1,0,0
BRDA:50,1,1,24
BRDA:53,2,0,7
BRDA:53,2,1,17
BRDA:84,3,0,4
BRDA:84,3,1,6
BRDA:84,4,0,10
BRDA:84,4,1,5
BRDA:104,5,0,0
BRDA:104,5,1,5
BRF:11
BRH:9
end_of_record
TN:
SF:src/core/error/constants.ts
FNF:0
FNH:0
DA:25,19
DA:49,19
LF:2
LH:2
BRF:0
BRH:0
end_of_record
TN:
SF:src/core/error/errors.ts
FN:6,(anonymous_0)
FN:8,(anonymous_1)
FN:11,(anonymous_2)
FN:14,(anonymous_3)
FN:17,(anonymous_4)
FN:20,(anonymous_5)
FN:31,(anonymous_6)
FN:34,(anonymous_7)
FN:37,(anonymous_8)
FN:40,(anonymous_9)
FN:43,(anonymous_10)
FN:46,(anonymous_11)
FN:51,(anonymous_12)
FN:55,(anonymous_13)
FN:59,(anonymous_14)
FN:63,(anonymous_15)
FN:67,(anonymous_16)
FN:71,(anonymous_17)
FN:75,(anonymous_18)
FN:92,getEthJsonRpcError
FN:97,getEthProviderError
FN:102,parseOpts
FN:136,(anonymous_22)
FN:157,(anonymous_23)
FN:166,isValidEthProviderCode
FNF:25
FNH:14
FNDA:0,(anonymous_0)
FNDA:8,(anonymous_1)
FNDA:29,(anonymous_2)
FNDA:0,(anonymous_3)
FNDA:2,(anonymous_4)
FNDA:0,(anonymous_5)
FNDA:0,(anonymous_6)
FNDA:0,(anonymous_7)
FNDA:0,(anonymous_8)
FNDA:0,(anonymous_9)
FNDA:0,(anonymous_10)
FNDA:0,(anonymous_11)
FNDA:4,(anonymous_12)
FNDA:2,(anonymous_13)
FNDA:1,(anonymous_14)
FNDA:2,(anonymous_15)
FNDA:0,(anonymous_16)
FNDA:3,(anonymous_17)
FNDA:0,(anonymous_18)
FNDA:39,getEthJsonRpcError
FNDA:12,getEthProviderError
FNDA:51,parseOpts
FNDA:51,(anonymous_22)
FNDA:12,(anonymous_23)
FNDA:12,isValidEthProviderCode
DA:4,19
DA:6,0
DA:9,8
DA:12,29
DA:15,0
DA:18,2
DA:21,0
DA:22,0
DA:24,0
DA:25,0
DA:26,0
DA:28,0
DA:32,0
DA:35,0
DA:38,0
DA:41,0
DA:44,0
DA:47,0
DA:52,4
DA:56,2
DA:60,1
DA:64,2
DA:68,0
DA:72,3
DA:76,0
DA:77,0
DA:80,0
DA:82,0
DA:83,0
DA:85,0
DA:93,39
DA:94,39
DA:98,12
DA:99,12
DA:103,51
DA:104,47
DA:105,25
DA:106,22
DA:107,22
DA:109,22
DA:110,0
DA:112,22
DA:115,4
DA:137,51
DA:138,0
DA:140,51
DA:141,0
DA:144,51
DA:145,51
DA:146,51
DA:147,17
DA:158,12
DA:159,0
DA:162,12
DA:167,12
LF:55
LH:30
BRDA:21,0,0,0
BRDA:21,0,1,0
BRDA:21,1,0,0
BRDA:21,1,1,0
BRDA:21,1,2,0
BRDA:25,2,0,0
BRDA:25,2,1,0
BRDA:25,3,0,0
BRDA:25,3,1,0
BRDA:25,3,2,0
BRDA:76,4,0,0
BRDA:76,4,1,0
BRDA:76,5,0,0
BRDA:76,5,1,0
BRDA:76,5,2,0
BRDA:82,6,0,0
BRDA:82,6,1,0
BRDA:82,7,0,0
BRDA:82,7,1,0
BRDA:94,8,0,39
BRDA:94,8,1,0
BRDA:99,9,0,12
BRDA:99,9,1,9
BRDA:103,10,0,47
BRDA:103,10,1,4
BRDA:104,11,0,25
BRDA:104,11,1,22
BRDA:106,12,0,22
BRDA:106,12,1,0
BRDA:106,13,0,22
BRDA:106,13,1,22
BRDA:109,14,0,0
BRDA:109,14,1,22
BRDA:109,15,0,22
BRDA:109,15,1,17
BRDA:112,16,0,22
BRDA:112,16,1,5
BRDA:137,17,0,0
BRDA:137,17,1,51
BRDA:140,18,0,0
BRDA:140,18,1,51
BRDA:140,19,0,51
BRDA:140,19,1,51
BRDA:146,20,0,17
BRDA:146,20,1,34
BRDA:158,21,0,0
BRDA:158,21,1,12
BRDA:167,22,0,12
BRDA:167,22,1,12
BRDA:167,22,2,12
BRF:50
BRH:25
end_of_record
TN:
SF:src/core/error/index.ts
FNF:0
FNH:0
LF:0
LH:0
BRF:0
BRH:0
end_of_record
TN:
SF:src/core/error/serialize.ts
FN:12,serializeError
FN:38,getErrorObject
FN:58,getMethod
FNF:3
FNH:3
FNDA:10,serializeError
FNDA:10,getErrorObject
FNDA:10,getMethod
DA:16,10
DA:20,10
DA:21,10
DA:22,10
DA:23,10
DA:24,10
DA:25,8
DA:27,10
DA:29,10
DA:39,10
DA:40,1
DA:44,9
DA:45,1
DA:52,8
DA:62,10
DA:63,10
DA:64,1
DA:67,9
DA:68,2
DA:69,7
DA:70,5
DA:71,2
DA:72,1
DA:73,1
DA:74,1
DA:76,0
LF:26
LH:25
BRDA:24,0,0,8
BRDA:24,0,1,2
BRDA:39,1,0,1
BRDA:39,1,1,9
BRDA:44,2,0,1
BRDA:44,2,1,8
BRDA:63,3,0,1
BRDA:63,3,1,9
BRDA:67,4,0,2
BRDA:67,4,1,7
BRDA:69,5,0,5
BRDA:69,5,1,2
BRDA:71,6,0,1
BRDA:71,6,1,1
BRDA:73,7,0,1
BRDA:73,7,1,0
BRF:16
BRH:15
end_of_record
TN:
SF:src/core/error/utils.ts
FN:13,getMessageFromCode
FN:34,isValidCode
FN:53,getErrorCode
FN:68,isErrorWithCode
FN:91,serialize
FN:133,isJsonRpcServerError
FN:137,assignOriginalError
FN:144,hasKey
FN:148,hasStringProperty
FNF:9
FNH:8
FNDA:11,getMessageFromCode
FNDA:8,isValidCode
FNDA:14,getErrorCode
FNDA:13,isErrorWithCode
FNDA:10,serialize
FNDA:0,isJsonRpcServerError
FNDA:2,assignOriginalError
FNDA:28,hasKey
FNDA:12,hasStringProperty
DA:3,19
DA:5,19
DA:17,11
DA:18,10
DA:20,10
DA:21,10
DA:23,0
DA:24,0
DA:27,1
DA:35,8
DA:36,0
DA:39,8
DA:40,8
DA:41,8
DA:44,0
DA:45,0
DA:47,0
DA:54,14
DA:55,1
DA:56,13
DA:57,4
DA:60,9
DA:69,13
DA:95,10
DA:97,10
DA:104,8
DA:105,8
DA:107,8
DA:108,8
DA:110,8
DA:111,2
DA:114,0
DA:116,0
DA:119,2
DA:121,2
DA:122,2
DA:125,10
DA:126,10
DA:128,10
DA:134,0
DA:138,2
DA:139,2
DA:141,0
DA:145,28
DA:149,12
LF:45
LH:35
BRDA:15,0,0,11
BRDA:17,1,0,10
BRDA:17,1,1,1
BRDA:17,2,0,11
BRDA:17,2,1,10
BRDA:20,3,0,10
BRDA:20,3,1,0
BRDA:23,4,0,0
BRDA:23,4,1,0
BRDA:35,5,0,0
BRDA:35,5,1,8
BRDA:40,6,0,8
BRDA:40,6,1,0
BRDA:44,7,0,0
BRDA:44,7,1,0
BRDA:54,8,0,1
BRDA:54,8,1,13
BRDA:56,9,0,4
BRDA:56,9,1,9
BRDA:57,10,0,4
BRDA:57,10,1,2
BRDA:70,11,0,13
BRDA:70,11,1,11
BRDA:70,11,2,10
BRDA:70,11,3,8
BRDA:93,12,0,0
BRDA:93,13,0,0
BRDA:97,14,0,8
BRDA:97,14,1,2
BRDA:98,15,0,10
BRDA:98,15,1,10
BRDA:98,15,2,10
BRDA:98,15,3,10
BRDA:98,15,4,8
BRDA:107,16,0,8
BRDA:107,16,1,0
BRDA:107,17,0,8
BRDA:107,17,1,8
BRDA:110,18,0,2
BRDA:110,18,1,6
BRDA:121,19,0,1
BRDA:121,19,1,1
BRDA:125,20,0,10
BRDA:125,20,1,0
BRDA:126,21,0,7
BRDA:126,21,1,3
BRDA:134,22,0,0
BRDA:134,22,1,0
BRDA:138,23,0,2
BRDA:138,23,1,0
BRDA:138,24,0,2
BRDA:138,24,1,2
BRDA:138,24,2,2
BRDA:150,25,0,12
BRDA:150,25,1,12
BRDA:150,25,2,12
BRDA:150,25,3,8
BRF:57
BRH:43
end_of_record
TN:
SF:src/core/message/ConfigMessage.ts
FNF:0
FNH:0
LF:0
LH:0
BRF:0
BRH:0
end_of_record
TN:
SF:src/core/message/Message.ts
FNF:0
FNH:0
LF:0
LH:0
BRF:0
BRH:0
end_of_record
TN:
SF:src/core/message/RPCMessage.ts
FNF:0
FNH:0
LF:0
LH:0
BRF:0
BRH:0
end_of_record
TN:
SF:src/core/message/RPCRequest.ts
FNF:0
FNH:0
LF:0
LH:0
BRF:0
BRH:0
end_of_record
TN:
SF:src/core/message/RPCResponse.ts
FNF:0
FNH:0
LF:0
LH:0
BRF:0
BRH:0
end_of_record
TN:
SF:src/core/message/index.ts
FNF:0
FNH:0
LF:0
LH:0
BRF:0
BRH:0
end_of_record
TN:
SF:src/core/provider/interface.ts
FNF:0
FNH:0
LF:0
LH:0
BRF:0
BRH:0
end_of_record
TN:
SF:src/core/provider/method.ts
FN:35,determineMethodCategory
FNF:1
FNH:1
FNDA:18,determineMethodCategory
DA:1,3
DA:36,18
DA:37,57
DA:38,57
DA:39,15
DA:42,3
LF:6
LH:6
BRDA:38,0,0,15
BRDA:38,0,1,42
BRF:2
BRH:2
end_of_record
TN:
SF:src/core/type/index.ts
FN:9,OpaqueType
FN:10,(anonymous_1)
FN:23,IntNumber
FNF:3
FNH:3
FNDA:56,OpaqueType
FNDA:118,(anonymous_1)
FNDA:42,IntNumber
DA:10,118
DA:14,14
DA:17,14
DA:20,14
DA:24,42
DA:28,14
LF:6
LH:6
BRF:0
BRH:0
end_of_record
TN:
SF:src/core/type/util.ts
FN:13,randomBytesHex
FN:17,uint8ArrayToHex
FN:18,(anonymous_2)
FN:21,hexStringToUint8Array
FN:22,(anonymous_4)
FN:25,hexStringFromBuffer
FN:30,bigIntStringFromBigInt
FN:34,intNumberFromHexString
FN:38,hexStringFromIntNumber
FN:42,has0xPrefix
FN:46,strip0x
FN:53,prepend0x
FN:60,isHexString
FN:68,ensureHexString
FN:78,ensureEvenLengthHexString
FN:86,ensureAddressString
FN:96,ensureBuffer
FN:110,ensureIntNumber
FN:125,ensureRegExpString
FN:132,ensureBigInt
FN:150,ensureParsedJSONObject
FN:162,isBigNumber
FN:170,range
FN:171,(anonymous_23)
FN:174,getFavicon
FN:195,areAddressArraysEqual
FN:196,(anonymous_26)
FNF:27
FNH:25
FNDA:13,randomBytesHex
FNDA:26,uint8ArrayToHex
FNDA:1594,(anonymous_2)
FNDA:31,hexStringToUint8Array
FNDA:2865,(anonymous_4)
FNDA:2,hexStringFromBuffer
FNDA:1,bigIntStringFromBigInt
FNDA:1,intNumberFromHexString
FNDA:5,hexStringFromIntNumber
FNDA:293,has0xPrefix
FNDA:181,strip0x
FNDA:108,prepend0x
FNDA:92,isHexString
FNDA:18,ensureHexString
FNDA:14,ensureEvenLengthHexString
FNDA:72,ensureAddressString
FNDA:15,ensureBuffer
FNDA:23,ensureIntNumber
FNDA:2,ensureRegExpString
FNDA:16,ensureBigInt
FNDA:5,ensureParsedJSONObject
FNDA:15,isBigNumber
FNDA:1,range
FNDA:4,(anonymous_23)
FNDA:3,getFavicon
FNDA:0,areAddressArraysEqual
FNDA:0,(anonymous_26)
DA:7,12
DA:8,12
DA:14,13
DA:18,1594
DA:22,2865
DA:26,2
DA:27,2
DA:31,1
DA:35,1
DA:39,5
DA:43,293
DA:47,181
DA:48,84
DA:50,97
DA:54,108
DA:55,1
DA:57,107
DA:61,92
DA:62,1
DA:64,91
DA:65,91
DA:69,18
DA:70,17
DA:71,17
DA:72,16
DA:75,2
DA:79,14
DA:80,14
DA:81,5
DA:83,14
DA:87,72
DA:88,71
DA:89,71
DA:90,67
DA:93,5
DA:97,15
DA:98,1
DA:100,14
DA:101,12
DA:102,6
DA:103,6
DA:105,6
DA:107,2
DA:111,23
DA:112,16
DA:114,7
DA:115,6
DA:116,2
DA:118,4
DA:119,3
DA:122,2
DA:126,2
DA:127,1
DA:129,1
DA:133,16
DA:134,1
DA:136,15
DA:137,1
DA:139,14
DA:140,13
DA:141,11
DA:143,2
DA:144,1
DA:147,2
DA:151,5
DA:152,4
DA:155,1
DA:156,1
DA:159,0
DA:163,15
DA:164,0
DA:166,15
DA:167,15
DA:171,4
DA:176,3
DA:181,3
DA:182,3
DA:183,3
DA:184,0
DA:186,3
DA:187,1
DA:189,2
DA:190,1
DA:192,1
DA:196,0
LF:85
LH:81
BRDA:25,0,0,1
BRDA:27,1,0,1
BRDA:27,1,1,1
BRDA:43,2,0,293
BRDA:43,2,1,209
BRDA:47,3,0,84
BRDA:47,3,1,97
BRDA:54,4,0,1
BRDA:54,4,1,107
BRDA:61,5,0,1
BRDA:61,5,1,91
BRDA:68,6,0,3
BRDA:69,7,0,17
BRDA:69,7,1,1
BRDA:71,8,0,16
BRDA:71,8,1,1
BRDA:72,9,0,1
BRDA:72,9,1,15
BRDA:78,10,0,2
BRDA:80,11,0,5
BRDA:80,11,1,9
BRDA:83,12,0,6
BRDA:83,12,1,8
BRDA:87,13,0,71
BRDA:87,13,1,1
BRDA:89,14,0,67
BRDA:89,14,1,4
BRDA:89,15,0,71
BRDA:89,15,1,70
BRDA:97,16,0,1
BRDA:97,16,1,14
BRDA:100,17,0,12
BRDA:100,17,1,2
BRDA:101,18,0,6
BRDA:101,18,1,6
BRDA:111,19,0,16
BRDA:111,19,1,7
BRDA:111,20,0,23
BRDA:111,20,1,16
BRDA:114,21,0,6
BRDA:114,21,1,1
BRDA:115,22,0,2
BRDA:115,22,1,4
BRDA:118,23,0,3
BRDA:118,23,1,1
BRDA:126,24,0,1
BRDA:126,24,1,1
BRDA:133,25,0,1
BRDA:133,25,1,15
BRDA:133,26,0,16
BRDA:133,26,1,16
BRDA:133,26,2,15
BRDA:136,27,0,1
BRDA:136,27,1,14
BRDA:139,28,0,13
BRDA:139,28,1,1
BRDA:140,29,0,11
BRDA:140,29,1,2
BRDA:143,30,0,1
BRDA:143,30,1,1
BRDA:151,31,0,4
BRDA:151,31,1,1
BRDA:155,32,0,1
BRDA:155,32,1,0
BRDA:163,33,0,0
BRDA:163,33,1,15
BRDA:163,34,0,15
BRDA:163,34,1,15
BRDA:167,35,0,15
BRDA:167,35,1,0
BRDA:176,36,0,3
BRDA:176,36,1,3
BRDA:176,36,2,3
BRDA:176,36,3,3
BRDA:182,37,0,3
BRDA:182,37,1,0
BRDA:183,38,0,0
BRDA:183,38,1,3
BRDA:183,39,0,3
BRDA:183,39,1,3
BRDA:183,39,2,3
BRDA:186,40,0,1
BRDA:186,40,1,2
BRDA:186,41,0,3
BRDA:186,41,1,3
BRDA:186,41,2,2
BRDA:189,42,0,1
BRDA:189,42,1,1
BRDA:196,43,0,0
BRDA:196,43,1,0
BRF:90
BRH:83
end_of_record
TN:
SF:src/sign/interface.ts
FNF:0
FNH:0
LF:0
LH:0
BRF:0
BRH:0
end_of_record
TN:
SF:src/sign/util.ts
FN:13,loadSignerType
FN:17,storeSignerType
FN:21,fetchSignerType
FN:27,(anonymous_3)
FN:38,createSigner
FN:66,listenForWalletLinkSessionRequest
FN:70,(anonymous_6)
FNF:7
FNH:5
FNDA:7,loadSignerType
FNDA:1,storeSignerType
FNDA:1,fetchSignerType
FNDA:0,(anonymous_3)
FNDA:6,createSigner
FNDA:1,listenForWalletLinkSessionRequest
FNDA:0,(anonymous_6)
DA:10,3
DA:11,3
DA:14,7
DA:18,1
DA:26,1
DA:27,1
DA:29,1
DA:34,1
DA:35,1
DA:44,6
DA:45,6
DA:47,6
DA:53,0
DA:58,0
DA:70,1
DA:74,1
DA:79,1
DA:85,1
DA:88,0
LF:19
LH:16
BRDA:45,0,0,6
BRDA:45,0,1,0
BRDA:45,0,2,0
BRF:3
BRH:1
end_of_record
TN:
SF:src/sign/extension/ExtensionSigner.ts
FN:14,(anonymous_0)
FN:29,(anonymous_1)
FN:33,(anonymous_2)
FN:38,(anonymous_3)
FN:46,(anonymous_4)
FN:50,(anonymous_5)
FNF:6
FNH:6
FNDA:10,(anonymous_0)
FNDA:1,(anonymous_1)
FNDA:1,(anonymous_2)
FNDA:2,(anonymous_3)
FNDA:3,(anonymous_4)
FNDA:1,(anonymous_5)
DA:15,10
DA:16,10
DA:17,10
DA:21,10
DA:22,1
DA:25,9
DA:26,9
DA:27,9
DA:29,9
DA:30,1
DA:33,9
DA:34,1
DA:39,2
DA:42,1
DA:43,1
DA:47,3
DA:51,1
LF:17
LH:17
BRDA:21,0,0,1
BRDA:21,0,1,9
BRF:2
BRH:2
end_of_record
TN:
SF:src/sign/scw/SCWKeyManager.ts
FN:33,(anonymous_0)
FN:39,(anonymous_1)
FN:44,(anonymous_2)
FN:51,(anonymous_3)
FN:62,(anonymous_4)
FN:70,(anonymous_5)
FN:95,(anonymous_6)
FN:102,(anonymous_7)
FNF:8
FNH:8
FNDA:9,(anonymous_0)
FNDA:7,(anonymous_1)
FNDA:4,(anonymous_2)
FNDA:2,(anonymous_3)
FNDA:3,(anonymous_4)
FNDA:20,(anonymous_5)
FNDA:38,(anonymous_6)
FNDA:10,(anonymous_7)
DA:13,4
DA:17,4
DA:21,4
DA:27,11
DA:28,11
DA:29,11
DA:30,11
DA:31,11
DA:34,9
DA:35,9
DA:40,7
DA:41,7
DA:45,4
DA:46,4
DA:47,4
DA:48,4
DA:52,2
DA:53,2
DA:54,2
DA:55,2
DA:57,2
DA:58,2
DA:59,2
DA:63,3
DA:64,3
DA:65,3
DA:66,3
DA:67,3
DA:71,20
DA:72,13
DA:75,20
DA:76,13
DA:79,20
DA:80,3
DA:83,20
DA:84,12
DA:87,20
DA:88,16
DA:89,6
DA:96,38
DA:97,38
DA:99,22
DA:103,10
DA:104,10
LF:44
LH:44
BRDA:71,0,0,13
BRDA:71,0,1,7
BRDA:75,1,0,13
BRDA:75,1,1,7
BRDA:79,2,0,3
BRDA:79,2,1,17
BRDA:79,3,0,20
BRDA:79,3,1,17
BRDA:83,4,0,12
BRDA:83,4,1,8
BRDA:87,5,0,16
BRDA:87,5,1,4
BRDA:88,6,0,10
BRDA:88,6,1,6
BRDA:88,7,0,16
BRDA:88,7,1,16
BRDA:97,8,0,16
BRDA:97,8,1,22
BRF:18
BRH:18
end_of_record
TN:
SF:src/sign/scw/SCWSigner.ts
FN:30,(anonymous_0)
FN:49,(anonymous_1)
FN:74,(anonymous_2)
FN:95,(anonymous_3)
FN:100,(anonymous_4)
FN:128,(anonymous_5)
FN:148,(anonymous_6)
FN:160,(anonymous_7)
FN:176,(anonymous_8)
FNF:9
FNH:9
FNDA:6,(anonymous_0)
FNDA:2,(anonymous_1)
FNDA:3,(anonymous_2)
FNDA:1,(anonymous_3)
FNDA:3,(anonymous_4)
FNDA:3,(anonymous_5)
FNDA:5,(anonymous_6)
FNDA:4,(anonymous_7)
FNDA:4,(anonymous_8)
DA:35,6
DA:36,6
DA:37,6
DA:38,6
DA:43,6
DA:44,6
DA:45,6
DA:46,6
DA:50,2
DA:56,2
DA:61,2
DA:62,1
DA:63,1
DA:65,1
DA:66,1
DA:68,1
DA:69,1
DA:71,1
DA:75,3
DA:76,3
DA:77,0
DA:78,0
DA:83,3
DA:85,3
DA:86,3
DA:87,3
DA:89,3
DA:90,3
DA:92,2
DA:96,1
DA:97,1
DA:101,3
DA:103,1
DA:104,1
DA:105,0
DA:107,1
DA:108,1
DA:111,1
DA:114,0
DA:115,0
DA:117,0
DA:121,0
DA:124,2
DA:129,3
DA:130,3
DA:131,0
DA:136,3
DA:143,3
DA:145,3
DA:151,5
DA:152,5
DA:161,4
DA:164,4
DA:165,0
DA:168,4
DA:169,4
DA:170,0
DA:173,4
DA:177,4
DA:178,4
DA:179,2
DA:182,4
DA:183,4
DA:184,2
DA:187,4
DA:188,4
DA:190,3
DA:192,1
DA:193,1
DA:194,1
DA:199,1
DA:201,1
DA:202,1
DA:203,1
DA:204,1
DA:207,1
LF:76
LH:66
BRDA:61,0,0,1
BRDA:61,0,1,1
BRDA:69,1,0,0
BRDA:69,1,1,1
BRDA:76,2,0,0
BRDA:76,2,1,3
BRDA:77,3,0,0
BRDA:77,3,1,0
BRDA:90,4,0,1
BRDA:90,4,1,2
BRDA:101,5,0,1
BRDA:101,5,1,0
BRDA:101,5,2,2
BRDA:104,6,0,0
BRDA:104,6,1,1
BRDA:104,7,0,1
BRDA:104,7,1,1
BRDA:111,8,0,0
BRDA:111,8,1,1
BRDA:115,9,0,0
BRDA:115,9,1,0
BRDA:130,10,0,0
BRDA:130,10,1,3
BRDA:164,11,0,0
BRDA:164,11,1,4
BRDA:169,12,0,0
BRDA:169,12,1,4
BRDA:178,13,0,2
BRDA:178,13,1,2
BRDA:183,14,0,2
BRDA:183,14,1,2
BRDA:188,15,0,1
BRDA:188,15,1,3
BRDA:190,16,0,1
BRDA:190,16,1,1
BRDA:190,16,2,1
BRDA:199,17,0,0
BRDA:199,17,1,1
BRF:38
BRH:25
end_of_record
TN:
SF:src/sign/scw/SCWStateManager.ts
FN:18,(anonymous_0)
FN:21,(anonymous_1)
FN:24,(anonymous_2)
FN:28,(anonymous_3)
FN:39,(anonymous_4)
FN:45,(anonymous_5)
FN:46,(anonymous_6)
FN:56,(anonymous_7)
FN:59,(anonymous_8)
FN:66,(anonymous_9)
FN:71,(anonymous_10)
FN:75,(anonymous_11)
FN:80,(anonymous_12)
FNF:13
FNH:9
FNDA:0,(anonymous_0)
FNDA:8,(anonymous_1)
FNDA:0,(anonymous_2)
FNDA:18,(anonymous_3)
FNDA:0,(anonymous_4)
FNDA:16,(anonymous_5)
FNDA:26,(anonymous_6)
FNDA:11,(anonymous_7)
FNDA:18,(anonymous_8)
FNDA:0,(anonymous_9)
FNDA:15,(anonymous_10)
FNDA:72,(anonymous_11)
FNDA:11,(anonymous_12)
DA:5,4
DA:6,4
DA:7,4
DA:8,4
DA:11,18
DA:19,0
DA:22,8
DA:25,0
DA:29,18
DA:31,18
DA:32,18
DA:33,18
DA:34,18
DA:35,18
DA:36,18
DA:40,0
DA:41,0
DA:42,0
DA:46,26
DA:47,16
DA:48,4
DA:50,4
DA:51,4
DA:52,4
DA:53,4
DA:57,11
DA:59,18
DA:60,11
DA:61,11
DA:63,11
DA:67,0
DA:68,0
DA:72,15
DA:76,72
DA:77,72
DA:81,11
LF:36
LH:29
BRDA:35,0,0,18
BRDA:35,0,1,18
BRDA:36,1,0,18
BRDA:36,1,1,18
BRDA:36,2,0,18
BRDA:36,2,1,1
BRDA:47,3,0,12
BRDA:47,3,1,4
BRDA:48,4,0,0
BRDA:48,4,1,4
BRDA:57,5,0,0
BRDA:57,5,1,11
BRDA:57,6,0,11
BRDA:57,6,1,11
BRDA:77,7,0,0
BRDA:77,7,1,72
BRF:16
BRH:13
end_of_record
TN:
SF:src/sign/walletlink/WalletLinkSigner.ts
FN:69,(anonymous_0)
FN:83,(anonymous_1)
FN:95,(anonymous_2)
FN:101,(anonymous_3)
FN:106,(anonymous_4)
FN:110,(anonymous_5)
FN:114,(anonymous_6)
FN:118,(anonymous_7)
FN:134,(anonymous_8)
FN:157,(anonymous_9)
FN:197,(anonymous_10)
FN:223,(anonymous_11)
FN:230,(anonymous_12)
FN:232,(anonymous_13)
FN:239,(anonymous_14)
FN:281,(anonymous_15)
FN:286,(anonymous_16)
FN:297,(anonymous_17)
FN:298,(anonymous_18)
FN:313,(anonymous_19)
FN:314,(anonymous_20)
FN:318,(anonymous_21)
FN:339,(anonymous_22)
FN:395,(anonymous_23)
FN:398,(anonymous_24)
FN:406,(anonymous_25)
FN:412,(anonymous_26)
FN:456,(anonymous_27)
FN:460,(anonymous_28)
FN:466,(anonymous_29)
FN:470,(anonymous_30)
FN:493,(anonymous_31)
FN:506,(anonymous_32)
FN:510,(anonymous_33)
FN:514,(anonymous_34)
FN:518,(anonymous_35)
FN:522,(anonymous_36)
FN:533,(anonymous_37)
FN:565,(anonymous_38)
FN:573,(anonymous_39)
FN:579,(anonymous_40)
FN:587,(anonymous_41)
FN:594,(anonymous_42)
FN:612,(anonymous_43)
FN:622,(anonymous_44)
FN:640,(anonymous_45)
FN:653,(anonymous_46)
FN:666,(anonymous_47)
FN:679,(anonymous_48)
FN:717,(anonymous_49)
FN:723,(anonymous_50)
FN:749,(anonymous_51)
FN:758,(anonymous_52)
FN:761,(anonymous_53)
FNF:54
FNH:50
FNDA:38,(anonymous_0)
FNDA:32,(anonymous_1)
FNDA:1,(anonymous_2)
FNDA:1,(anonymous_3)
FNDA:3,(anonymous_4)
FNDA:0,(anonymous_5)
FNDA:2,(anonymous_6)
FNDA:2,(anonymous_7)
FNDA:1,(anonymous_8)
FNDA:1,(anonymous_9)
FNDA:2,(anonymous_10)
FNDA:1,(anonymous_11)
FNDA:36,(anonymous_12)
FNDA:11,(anonymous_13)
FNDA:36,(anonymous_14)
FNDA:3,(anonymous_15)
FNDA:3,(anonymous_16)
FNDA:36,(anonymous_17)
FNDA:36,(anonymous_18)
FNDA:20,(anonymous_19)
FNDA:11,(anonymous_20)
FNDA:36,(anonymous_21)
FNDA:32,(anonymous_22)
FNDA:10,(anonymous_23)
FNDA:10,(anonymous_24)
FNDA:10,(anonymous_25)
FNDA:2,(anonymous_26)
FNDA:18,(anonymous_27)
FNDA:10,(anonymous_28)
FNDA:1,(anonymous_29)
FNDA:5,(anonymous_30)
FNDA:2,(anonymous_31)
FNDA:1,(anonymous_32)
FNDA:1,(anonymous_33)
FNDA:1,(anonymous_34)
FNDA:1,(anonymous_35)
FNDA:9,(anonymous_36)
FNDA:7,(anonymous_37)
FNDA:3,(anonymous_38)
FNDA:1,(anonymous_39)
FNDA:2,(anonymous_40)
FNDA:1,(anonymous_41)
FNDA:1,(anonymous_42)
FNDA:1,(anonymous_43)
FNDA:1,(anonymous_44)
FNDA:0,(anonymous_45)
FNDA:1,(anonymous_46)
FNDA:2,(anonymous_47)
FNDA:4,(anonymous_48)
FNDA:2,(anonymous_49)
FNDA:5,(anonymous_50)
FNDA:57,(anonymous_51)
FNDA:0,(anonymous_52)
FNDA:0,(anonymous_53)
DA:27,4
DA:28,4
DA:61,38
DA:65,38
DA:66,38
DA:70,38
DA:71,38
DA:72,38
DA:73,38
DA:74,38
DA:76,38
DA:77,38
DA:79,38
DA:80,38
DA:81,32
DA:82,32
DA:83,32
DA:87,38
DA:88,38
DA:89,0
DA:92,38
DA:96,1
DA:97,1
DA:98,1
DA:102,1
DA:103,0
DA:107,3
DA:111,0
DA:115,2
DA:119,2
DA:122,2
DA:123,2
DA:124,2
DA:125,2
DA:126,2
DA:130,2
DA:142,1
DA:143,1
DA:152,1
DA:154,1
DA:169,1
DA:170,0
DA:173,1
DA:175,1
DA:176,0
DA:179,1
DA:188,1
DA:190,1
DA:191,1
DA:194,1
DA:198,2
DA:199,2
DA:205,1
DA:206,0
DA:207,0
DA:208,0
DA:210,0
DA:217,1
DA:218,1
DA:219,1
DA:224,1
DA:225,1
DA:227,1
DA:231,36
DA:232,36
DA:233,11
DA:236,0
DA:240,36
DA:241,0
DA:247,36
DA:249,36
DA:250,0
DA:256,36
DA:261,0
DA:267,36
DA:270,36
DA:271,36
DA:278,24
DA:282,3
DA:283,0
DA:286,3
DA:288,3
DA:289,0
DA:292,3
DA:293,3
DA:294,3
DA:298,36
DA:299,36
DA:300,36
DA:301,36
DA:302,4
DA:309,0
DA:312,32
DA:313,20
DA:314,11
DA:319,36
DA:321,36
DA:323,1
DA:326,1
DA:329,1
DA:332,1
DA:335,32
DA:340,32
DA:341,32
DA:343,32
DA:345,7
DA:348,3
DA:351,1
DA:354,2
DA:357,1
DA:360,1
DA:363,1
DA:366,1
DA:369,0
DA:372,1
DA:375,1
DA:379,2
DA:382,4
DA:385,2
DA:388,5
DA:391,0
DA:396,10
DA:397,10
DA:398,10
DA:399,10
DA:403,0
DA:407,10
DA:408,0
DA:424,2
DA:425,2
DA:426,0
DA:429,2
DA:431,2
DA:432,2
DA:433,2
DA:434,2
DA:435,2
DA:436,2
DA:438,2
DA:439,2
DA:440,2
DA:442,2
DA:457,18
DA:461,10
DA:462,0
DA:467,1
DA:476,5
DA:478,5
DA:479,5
DA:480,5
DA:481,5
DA:482,0
DA:484,5
DA:486,0
DA:487,0
DA:489,0
DA:498,2
DA:499,2
DA:500,2
DA:501,0
DA:503,2
DA:507,1
DA:511,1
DA:515,1
DA:519,1
DA:523,9
DA:525,9
DA:526,9
DA:529,0
DA:530,0
DA:534,7
DA:535,3
DA:543,4
DA:544,4
DA:545,4
DA:546,3
DA:547,0
DA:550,0
DA:551,0
DA:553,0
DA:556,3
DA:557,0
DA:560,3
DA:562,3
DA:566,3
DA:567,3
DA:568,2
DA:570,1
DA:574,1
DA:575,1
DA:576,1
DA:580,2
DA:581,2
DA:582,2
DA:584,1
DA:588,1
DA:589,1
DA:591,1
DA:595,1
DA:596,1
DA:597,1
DA:598,1
DA:599,1
DA:600,1
DA:601,0
DA:603,1
DA:605,0
DA:606,0
DA:608,0
DA:613,1
DA:614,1
DA:615,1
DA:616,1
DA:617,0
DA:619,1
DA:623,1
DA:624,1
DA:625,1
DA:626,1
DA:627,1
DA:628,1
DA:629,0
DA:631,1
DA:633,0
DA:634,0
DA:636,0
DA:641,0
DA:642,0
DA:643,0
DA:645,0
DA:647,0
DA:648,0
DA:650,0
DA:654,1
DA:655,1
DA:656,1
DA:658,1
DA:660,1
DA:661,1
DA:663,1
DA:667,2
DA:668,2
DA:669,2
DA:671,2
DA:673,2
DA:674,2
DA:676,2
DA:680,4
DA:682,4
DA:683,1
DA:690,3
DA:691,1
DA:694,2
DA:695,1
DA:698,1
DA:699,1
DA:707,1
DA:708,1
DA:710,0
DA:718,2
DA:719,2
DA:720,1
DA:724,5
DA:725,5
DA:726,1
DA:729,4
DA:730,1
DA:733,3
DA:734,1
DA:737,2
DA:738,1
DA:741,1
DA:742,1
DA:744,1
DA:746,1
DA:750,57
DA:751,38
DA:755,38
DA:756,38
DA:758,38
DA:759,0
DA:761,38
DA:762,0
DA:764,38
DA:766,57
LF:285
LH:232
BRDA:80,0,0,32
BRDA:80,0,1,6
BRDA:82,1,0,32
BRDA:82,1,1,0
BRDA:88,2,0,0
BRDA:88,2,1,38
BRDA:107,3,0,3
BRDA:107,3,1,0
BRDA:111,4,0,0
BRDA:111,4,1,0
BRDA:125,5,0,2
BRDA:125,5,1,0
BRDA:125,6,0,2
BRDA:125,6,1,0
BRDA:152,7,0,0
BRDA:152,7,1,1
BRDA:169,8,0,0
BRDA:169,8,1,1
BRDA:175,9,0,0
BRDA:175,9,1,1
BRDA:188,10,0,0
BRDA:188,10,1,1
BRDA:190,11,0,1
BRDA:190,11,1,0
BRDA:201,12,0,2
BRDA:201,12,1,0
BRDA:205,13,0,0
BRDA:205,13,1,1
BRDA:206,14,0,0
BRDA:206,14,1,0
BRDA:207,15,0,0
BRDA:207,15,1,0
BRDA:218,16,0,1
BRDA:218,16,1,0
BRDA:218,17,0,1
BRDA:218,17,1,1
BRDA:224,18,0,1
BRDA:224,18,1,0
BRDA:240,19,0,0
BRDA:240,19,1,36
BRDA:240,20,0,36
BRDA:240,20,1,36
BRDA:240,20,2,36
BRDA:249,21,0,0
BRDA:249,21,1,36
BRDA:249,22,0,36
BRDA:249,22,1,36
BRDA:256,23,0,0
BRDA:256,23,1,36
BRDA:257,24,0,36
BRDA:257,24,1,25
BRDA:257,24,2,0
BRDA:257,24,3,0
BRDA:267,25,0,11
BRDA:267,25,1,25
BRDA:282,26,0,0
BRDA:282,26,1,3
BRDA:288,27,0,0
BRDA:288,27,1,3
BRDA:301,28,0,4
BRDA:301,28,1,32
BRDA:313,29,0,20
BRDA:313,29,1,20
BRDA:321,30,0,1
BRDA:321,30,1,1
BRDA:321,30,2,1
BRDA:321,30,3,1
BRDA:321,30,4,32
BRDA:341,31,0,32
BRDA:341,31,1,0
BRDA:343,32,0,7
BRDA:343,32,1,3
BRDA:343,32,2,1
BRDA:343,32,3,2
BRDA:343,32,4,1
BRDA:343,32,5,1
BRDA:343,32,6,1
BRDA:343,32,7,1
BRDA:343,32,8,0
BRDA:343,32,9,1
BRDA:343,32,10,1
BRDA:343,32,11,1
BRDA:343,32,12,2
BRDA:343,32,13,4
BRDA:343,32,14,2
BRDA:343,32,15,5
BRDA:343,32,16,0
BRDA:407,33,0,0
BRDA:407,33,1,10
BRDA:424,34,0,2
BRDA:424,34,1,0
BRDA:425,35,0,0
BRDA:425,35,1,2
BRDA:431,36,0,2
BRDA:431,36,1,0
BRDA:432,37,0,2
BRDA:432,37,1,0
BRDA:433,38,0,2
BRDA:433,38,1,0
BRDA:434,39,0,2
BRDA:434,39,1,0
BRDA:435,40,0,2
BRDA:435,40,1,0
BRDA:436,41,0,2
BRDA:436,41,1,0
BRDA:438,42,0,2
BRDA:438,42,1,0
BRDA:439,43,0,2
BRDA:439,43,1,0
BRDA:440,44,0,0
BRDA:440,44,1,2
BRDA:461,45,0,0
BRDA:461,45,1,10
BRDA:481,46,0,0
BRDA:481,46,1,5
BRDA:486,47,0,0
BRDA:486,47,1,0
BRDA:486,48,0,0
BRDA:486,48,1,0
BRDA:500,49,0,0
BRDA:500,49,1,2
BRDA:511,50,0,1
BRDA:511,50,1,0
BRDA:525,51,0,9
BRDA:525,51,1,0
BRDA:534,52,0,3
BRDA:534,52,1,4
BRDA:546,53,0,0
BRDA:546,53,1,3
BRDA:550,54,0,0
BRDA:550,54,1,0
BRDA:550,55,0,0
BRDA:550,55,1,0
BRDA:556,56,0,0
BRDA:556,56,1,3
BRDA:596,57,0,1
BRDA:596,57,1,0
BRDA:600,58,0,0
BRDA:600,58,1,1
BRDA:605,59,0,0
BRDA:605,59,1,0
BRDA:605,60,0,0
BRDA:605,60,1,0
BRDA:616,61,0,0
BRDA:616,61,1,1
BRDA:624,62,0,1
BRDA:624,62,1,0
BRDA:628,63,0,0
BRDA:628,63,1,1
BRDA:633,64,0,0
BRDA:633,64,1,0
BRDA:633,65,0,0
BRDA:633,65,1,0
BRDA:682,66,0,1
BRDA:682,66,1,3
BRDA:690,67,0,1
BRDA:690,67,1,2
BRDA:690,68,0,3
BRDA:690,68,1,2
BRDA:694,69,0,1
BRDA:694,69,1,1
BRDA:701,70,0,1
BRDA:701,70,1,0
BRDA:702,71,0,1
BRDA:702,71,1,0
BRDA:704,72,0,1
BRDA:704,72,1,0
BRDA:707,73,0,1
BRDA:707,73,1,0
BRDA:724,74,0,5
BRDA:724,74,1,0
BRDA:725,75,0,1
BRDA:725,75,1,4
BRDA:729,76,0,1
BRDA:729,76,1,3
BRDA:733,77,0,1
BRDA:733,77,1,2
BRDA:737,78,0,1
BRDA:737,78,1,1
BRDA:750,79,0,38
BRDA:750,79,1,19
BRF:181
BRH:106
end_of_record
TN:
SF:src/util/ScopedLocalStorage.ts
FN:4,(anonymous_0)
FN:9,(anonymous_1)
FN:13,(anonymous_2)
FN:17,(anonymous_3)
FN:21,(anonymous_4)
FN:30,(anonymous_5)
FN:33,(anonymous_6)
FN:37,(anonymous_7)
FNF:8
FNH:8
FNDA:79,(anonymous_0)
FNDA:80,(anonymous_1)
FNDA:222,(anonymous_2)
FNDA:7,(anonymous_3)
FNDA:51,(anonymous_4)
FNDA:54,(anonymous_5)
FNDA:360,(anonymous_6)
FNDA:1,(anonymous_7)
DA:10,80
DA:14,222
DA:18,7
DA:22,51
DA:23,51
DA:24,51
DA:25,54
DA:26,54
DA:27,54
DA:30,54
DA:34,360
DA:38,1
DA:39,1
LF:13
LH:13
BRDA:26,0,0,54
BRDA:26,0,1,0
BRDA:26,1,0,54
BRDA:26,1,1,54
BRDA:34,2,0,355
BRDA:34,2,1,5
BRF:6
BRH:5
end_of_record
TN:
SF:src/util/cipher.ts
FN:4,generateKeyPair
FN:15,deriveSharedSecret
FN:34,encrypt
FN:48,decrypt
FN:64,getFormat
FN:73,exportKeyToHexString
FN:82,importKeyFromHexString
FN:100,encryptContent
FN:104,(anonymous_8)
FN:116,decryptContent
FNF:10
FNH:7
FNDA:15,generateKeyPair
FNDA:11,deriveSharedSecret
FNDA:2,encrypt
FNDA:2,decrypt
FNDA:32,getFormat
FNDA:10,exportKeyToHexString
FNDA:22,importKeyFromHexString
FNDA:0,encryptContent
FNDA:0,(anonymous_8)
FNDA:0,decryptContent
DA:5,15
DA:19,11
DA:35,2
DA:36,2
DA:45,2
DA:52,2
DA:61,1
DA:65,32
DA:67,19
DA:69,13
DA:77,10
DA:78,10
DA:79,10
DA:86,22
DA:87,22
DA:88,22
DA:104,0
DA:105,0
DA:107,0
DA:108,0
DA:113,0
DA:120,0
LF:22
LH:16
BRDA:65,0,0,19
BRDA:65,0,1,13
BRDA:96,1,0,10
BRDA:96,1,1,12
BRDA:105,2,0,0
BRDA:105,2,1,0
BRDA:109,3,0,0
BRDA:109,3,1,0
BRF:8
BRH:4
end_of_record
TN:
SF:src/util/provider.ts
FN:6,fetchRPCRequest
FN:30,checkErrorForInvalidRequestArgs
FNF:2
FNH:1
FNDA:0,fetchRPCRequest
FNDA:21,checkErrorForInvalidRequestArgs
DA:7,0
DA:9,0
DA:14,0
DA:20,0
DA:21,0
DA:31,21
DA:32,2
DA:38,19
DA:40,19
DA:41,4
DA:47,15
DA:52,3
LF:12
LH:7
BRDA:7,0,0,0
BRDA:7,0,1,0
BRDA:31,1,0,2
BRDA:31,1,1,19
BRDA:31,2,0,21
BRDA:31,2,1,21
BRDA:31,2,2,20
BRDA:40,3,0,4
BRDA:40,3,1,15
BRDA:40,4,0,19
BRDA:40,4,1,16
BRDA:47,5,0,3
BRDA:47,5,1,12
BRDA:48,6,0,15
BRDA:48,6,1,8
BRDA:48,6,2,5
BRDA:48,6,3,3
BRF:17
BRH:15
end_of_record
TN:
SF:src/util/web.ts
FN:8,openPopup
FN:24,closePopup
FNF:2
FNH:2
FNDA:2,openPopup
FNDA:1,closePopup
DA:3,4
DA:4,4
DA:9,2
DA:10,2
DA:12,2
DA:17,2
DA:18,2
DA:19,1
DA:21,1
DA:25,1
DA:26,1
LF:11
LH:11
BRDA:18,0,0,1
BRDA:18,0,1,1
BRDA:25,1,0,1
BRDA:25,1,1,0
BRDA:25,2,0,1
BRDA:25,2,1,1
BRF:6
BRH:5
end_of_record
